{"message":"::1 - - [24/Nov/2019:18:03:26 +0000] \"OPTIONS /v1/users/login HTTP/1.1\" 200 4 \"http://localhost:3000/login\" \"Mozilla/5.0 (Macintosh; Intel Mac OS X 10_14_6) AppleWebKit/537.36 (KHTML, like Gecko) Chrome/78.0.3904.108 Safari/537.36\"\n","level":"info"}
{"message":"::1 - - [24/Nov/2019:18:03:26 +0000] \"POST /v1/users/login HTTP/1.1\" 200 820 \"http://localhost:3000/login\" \"Mozilla/5.0 (Macintosh; Intel Mac OS X 10_14_6) AppleWebKit/537.36 (KHTML, like Gecko) Chrome/78.0.3904.108 Safari/537.36\"\n","level":"info"}
{"message":"::1 - - [24/Nov/2019:18:03:26 +0000] \"OPTIONS /v1/intervals HTTP/1.1\" 200 8 \"http://localhost:3000/bitmex/XBTUSD\" \"Mozilla/5.0 (Macintosh; Intel Mac OS X 10_14_6) AppleWebKit/537.36 (KHTML, like Gecko) Chrome/78.0.3904.108 Safari/537.36\"\n","level":"info"}
{"message":"::1 - - [24/Nov/2019:18:03:26 +0000] \"OPTIONS /v1/exchanges HTTP/1.1\" 200 8 \"http://localhost:3000/bitmex/XBTUSD\" \"Mozilla/5.0 (Macintosh; Intel Mac OS X 10_14_6) AppleWebKit/537.36 (KHTML, like Gecko) Chrome/78.0.3904.108 Safari/537.36\"\n","level":"info"}
{"message":"::1 - - [24/Nov/2019:18:03:26 +0000] \"OPTIONS /v1/status/bitmex HTTP/1.1\" 404 159 \"http://localhost:3000/bitmex/XBTUSD\" \"Mozilla/5.0 (Macintosh; Intel Mac OS X 10_14_6) AppleWebKit/537.36 (KHTML, like Gecko) Chrome/78.0.3904.108 Safari/537.36\"\n","level":"info"}
{"message":"::1 - - [24/Nov/2019:18:03:26 +0000] \"GET /v1/intervals HTTP/1.1\" 304 - \"http://localhost:3000/bitmex/XBTUSD\" \"Mozilla/5.0 (Macintosh; Intel Mac OS X 10_14_6) AppleWebKit/537.36 (KHTML, like Gecko) Chrome/78.0.3904.108 Safari/537.36\"\n","level":"info"}
{"message":"::1 - - [24/Nov/2019:18:03:26 +0000] \"GET /v1/exchanges HTTP/1.1\" 304 - \"http://localhost:3000/bitmex/XBTUSD\" \"Mozilla/5.0 (Macintosh; Intel Mac OS X 10_14_6) AppleWebKit/537.36 (KHTML, like Gecko) Chrome/78.0.3904.108 Safari/537.36\"\n","level":"info"}
{"message":"::1 - - [24/Nov/2019:18:03:26 +0000] \"OPTIONS /v1/bitmex/candles/XBTUSD HTTP/1.1\" 200 4 \"http://localhost:3000/bitmex/XBTUSD\" \"Mozilla/5.0 (Macintosh; Intel Mac OS X 10_14_6) AppleWebKit/537.36 (KHTML, like Gecko) Chrome/78.0.3904.108 Safari/537.36\"\n","level":"info"}
{"message":"::1 - - [24/Nov/2019:18:03:26 +0000] \"OPTIONS /v1/bitmex/wallet/history HTTP/1.1\" 200 8 \"http://localhost:3000/bitmex/XBTUSD\" \"Mozilla/5.0 (Macintosh; Intel Mac OS X 10_14_6) AppleWebKit/537.36 (KHTML, like Gecko) Chrome/78.0.3904.108 Safari/537.36\"\n","level":"info"}
{"message":"::1 - - [24/Nov/2019:18:03:26 +0000] \"OPTIONS /v1/bitmex/positions/XBTUSD HTTP/1.1\" 200 8 \"http://localhost:3000/bitmex/XBTUSD\" \"Mozilla/5.0 (Macintosh; Intel Mac OS X 10_14_6) AppleWebKit/537.36 (KHTML, like Gecko) Chrome/78.0.3904.108 Safari/537.36\"\n","level":"info"}
{"message":"::1 - - [24/Nov/2019:18:03:26 +0000] \"OPTIONS /v1/bitmex/wallet HTTP/1.1\" 200 8 \"http://localhost:3000/bitmex/XBTUSD\" \"Mozilla/5.0 (Macintosh; Intel Mac OS X 10_14_6) AppleWebKit/537.36 (KHTML, like Gecko) Chrome/78.0.3904.108 Safari/537.36\"\n","level":"info"}
{"message":"::1 - - [24/Nov/2019:18:03:27 +0000] \"GET /v1/bitmex/positions/XBTUSD HTTP/1.1\" 200 1821 \"http://localhost:3000/bitmex/XBTUSD\" \"Mozilla/5.0 (Macintosh; Intel Mac OS X 10_14_6) AppleWebKit/537.36 (KHTML, like Gecko) Chrome/78.0.3904.108 Safari/537.36\"\n","level":"info"}
{"message":"::1 - - [24/Nov/2019:18:03:27 +0000] \"GET /v1/bitmex/wallet HTTP/1.1\" 200 845 \"http://localhost:3000/bitmex/XBTUSD\" \"Mozilla/5.0 (Macintosh; Intel Mac OS X 10_14_6) AppleWebKit/537.36 (KHTML, like Gecko) Chrome/78.0.3904.108 Safari/537.36\"\n","level":"info"}
{"message":"::1 - - [24/Nov/2019:18:03:27 +0000] \"GET /v1/bitmex/wallet/history HTTP/1.1\" 304 - \"http://localhost:3000/bitmex/XBTUSD\" \"Mozilla/5.0 (Macintosh; Intel Mac OS X 10_14_6) AppleWebKit/537.36 (KHTML, like Gecko) Chrome/78.0.3904.108 Safari/537.36\"\n","level":"info"}
{"message":"::1 - - [24/Nov/2019:18:03:27 +0000] \"OPTIONS /v1/bitmex/instruments/XBTUSD HTTP/1.1\" 200 8 \"http://localhost:3000/bitmex/XBTUSD\" \"Mozilla/5.0 (Macintosh; Intel Mac OS X 10_14_6) AppleWebKit/537.36 (KHTML, like Gecko) Chrome/78.0.3904.108 Safari/537.36\"\n","level":"info"}
{"message":"::1 - - [24/Nov/2019:18:03:28 +0000] \"GET /v1/bitmex/instruments/XBTUSD HTTP/1.1\" 200 2502 \"http://localhost:3000/bitmex/XBTUSD\" \"Mozilla/5.0 (Macintosh; Intel Mac OS X 10_14_6) AppleWebKit/537.36 (KHTML, like Gecko) Chrome/78.0.3904.108 Safari/537.36\"\n","level":"info"}
{"message":"::1 - - [24/Nov/2019:18:03:28 +0000] \"OPTIONS /v1/candles/bitmex/XBTUSD/D1 HTTP/1.1\" 200 4 \"http://localhost:3000/bitmex/XBTUSD\" \"Mozilla/5.0 (Macintosh; Intel Mac OS X 10_14_6) AppleWebKit/537.36 (KHTML, like Gecko) Chrome/78.0.3904.108 Safari/537.36\"\n","level":"info"}
{"message":"::1 - - [24/Nov/2019:18:03:28 +0000] \"POST /v1/candles/bitmex/XBTUSD/D1 HTTP/1.1\" 200 246599 \"http://localhost:3000/bitmex/XBTUSD\" \"Mozilla/5.0 (Macintosh; Intel Mac OS X 10_14_6) AppleWebKit/537.36 (KHTML, like Gecko) Chrome/78.0.3904.108 Safari/537.36\"\n","level":"info"}
{"message":"::1 - - [24/Nov/2019:18:03:29 +0000] \"POST /v1/bitmex/candles/XBTUSD HTTP/1.1\" 200 232236 \"http://localhost:3000/bitmex/XBTUSD\" \"Mozilla/5.0 (Macintosh; Intel Mac OS X 10_14_6) AppleWebKit/537.36 (KHTML, like Gecko) Chrome/78.0.3904.108 Safari/537.36\"\n","level":"info"}
{"message":"::1 - - [24/Nov/2019:18:04:34 +0000] \"OPTIONS /v1/bitmex/candles/XBTUSD HTTP/1.1\" 200 4 \"http://localhost:3000/bitmex/XBTUSD\" \"Mozilla/5.0 (Macintosh; Intel Mac OS X 10_14_6) AppleWebKit/537.36 (KHTML, like Gecko) Chrome/78.0.3904.108 Safari/537.36\"\n","level":"info"}
{"message":"::1 - - [24/Nov/2019:18:04:34 +0000] \"OPTIONS /v1/status/bitmex HTTP/1.1\" 404 159 \"http://localhost:3000/bitmex/XBTUSD\" \"Mozilla/5.0 (Macintosh; Intel Mac OS X 10_14_6) AppleWebKit/537.36 (KHTML, like Gecko) Chrome/78.0.3904.108 Safari/537.36\"\n","level":"info"}
{"message":"::1 - - [24/Nov/2019:18:04:34 +0000] \"OPTIONS /v1/bitmex/wallet/history HTTP/1.1\" 200 8 \"http://localhost:3000/bitmex/XBTUSD\" \"Mozilla/5.0 (Macintosh; Intel Mac OS X 10_14_6) AppleWebKit/537.36 (KHTML, like Gecko) Chrome/78.0.3904.108 Safari/537.36\"\n","level":"info"}
{"message":"::1 - - [24/Nov/2019:18:04:34 +0000] \"OPTIONS /v1/bitmex/positions/XBTUSD HTTP/1.1\" 200 8 \"http://localhost:3000/bitmex/XBTUSD\" \"Mozilla/5.0 (Macintosh; Intel Mac OS X 10_14_6) AppleWebKit/537.36 (KHTML, like Gecko) Chrome/78.0.3904.108 Safari/537.36\"\n","level":"info"}
{"message":"::1 - - [24/Nov/2019:18:04:34 +0000] \"OPTIONS /v1/bitmex/wallet HTTP/1.1\" 200 8 \"http://localhost:3000/bitmex/XBTUSD\" \"Mozilla/5.0 (Macintosh; Intel Mac OS X 10_14_6) AppleWebKit/537.36 (KHTML, like Gecko) Chrome/78.0.3904.108 Safari/537.36\"\n","level":"info"}
{"message":"::1 - - [24/Nov/2019:18:04:35 +0000] \"GET /v1/bitmex/wallet HTTP/1.1\" 200 845 \"http://localhost:3000/bitmex/XBTUSD\" \"Mozilla/5.0 (Macintosh; Intel Mac OS X 10_14_6) AppleWebKit/537.36 (KHTML, like Gecko) Chrome/78.0.3904.108 Safari/537.36\"\n","level":"info"}
{"message":"::1 - - [24/Nov/2019:18:04:35 +0000] \"GET /v1/bitmex/positions/XBTUSD HTTP/1.1\" 200 1820 \"http://localhost:3000/bitmex/XBTUSD\" \"Mozilla/5.0 (Macintosh; Intel Mac OS X 10_14_6) AppleWebKit/537.36 (KHTML, like Gecko) Chrome/78.0.3904.108 Safari/537.36\"\n","level":"info"}
{"message":"::1 - - [24/Nov/2019:18:04:36 +0000] \"GET /v1/bitmex/wallet/history HTTP/1.1\" 304 - \"http://localhost:3000/bitmex/XBTUSD\" \"Mozilla/5.0 (Macintosh; Intel Mac OS X 10_14_6) AppleWebKit/537.36 (KHTML, like Gecko) Chrome/78.0.3904.108 Safari/537.36\"\n","level":"info"}
{"message":"::1 - - [24/Nov/2019:18:04:36 +0000] \"OPTIONS /v1/bitmex/instruments/XBTUSD HTTP/1.1\" 200 8 \"http://localhost:3000/bitmex/XBTUSD\" \"Mozilla/5.0 (Macintosh; Intel Mac OS X 10_14_6) AppleWebKit/537.36 (KHTML, like Gecko) Chrome/78.0.3904.108 Safari/537.36\"\n","level":"info"}
{"message":"::1 - - [24/Nov/2019:18:04:37 +0000] \"GET /v1/bitmex/instruments/XBTUSD HTTP/1.1\" 200 2500 \"http://localhost:3000/bitmex/XBTUSD\" \"Mozilla/5.0 (Macintosh; Intel Mac OS X 10_14_6) AppleWebKit/537.36 (KHTML, like Gecko) Chrome/78.0.3904.108 Safari/537.36\"\n","level":"info"}
{"message":"::1 - - [24/Nov/2019:18:04:37 +0000] \"OPTIONS /v1/candles/bitmex/XBTUSD/D1 HTTP/1.1\" 200 4 \"http://localhost:3000/bitmex/XBTUSD\" \"Mozilla/5.0 (Macintosh; Intel Mac OS X 10_14_6) AppleWebKit/537.36 (KHTML, like Gecko) Chrome/78.0.3904.108 Safari/537.36\"\n","level":"info"}
{"message":"::1 - - [24/Nov/2019:18:04:37 +0000] \"POST /v1/candles/bitmex/XBTUSD/D1 HTTP/1.1\" 200 246732 \"http://localhost:3000/bitmex/XBTUSD\" \"Mozilla/5.0 (Macintosh; Intel Mac OS X 10_14_6) AppleWebKit/537.36 (KHTML, like Gecko) Chrome/78.0.3904.108 Safari/537.36\"\n","level":"info"}
{"message":"::1 - - [24/Nov/2019:18:04:38 +0000] \"POST /v1/bitmex/candles/XBTUSD HTTP/1.1\" 200 232214 \"http://localhost:3000/bitmex/XBTUSD\" \"Mozilla/5.0 (Macintosh; Intel Mac OS X 10_14_6) AppleWebKit/537.36 (KHTML, like Gecko) Chrome/78.0.3904.108 Safari/537.36\"\n","level":"info"}
{"message":"::1 - - [24/Nov/2019:18:06:41 +0000] \"OPTIONS /v1/intervals HTTP/1.1\" 200 8 \"http://localhost:3000/bitmex/XBTUSD\" \"Mozilla/5.0 (Macintosh; Intel Mac OS X 10_14_6) AppleWebKit/537.36 (KHTML, like Gecko) Chrome/78.0.3904.108 Safari/537.36\"\n","level":"info"}
{"message":"::1 - - [24/Nov/2019:18:06:41 +0000] \"OPTIONS /v1/exchanges HTTP/1.1\" 200 8 \"http://localhost:3000/bitmex/XBTUSD\" \"Mozilla/5.0 (Macintosh; Intel Mac OS X 10_14_6) AppleWebKit/537.36 (KHTML, like Gecko) Chrome/78.0.3904.108 Safari/537.36\"\n","level":"info"}
{"message":"::1 - - [24/Nov/2019:18:06:41 +0000] \"OPTIONS /v1/status/bitmex HTTP/1.1\" 404 159 \"http://localhost:3000/bitmex/XBTUSD\" \"Mozilla/5.0 (Macintosh; Intel Mac OS X 10_14_6) AppleWebKit/537.36 (KHTML, like Gecko) Chrome/78.0.3904.108 Safari/537.36\"\n","level":"info"}
{"message":"::1 - - [24/Nov/2019:18:06:41 +0000] \"GET /v1/intervals HTTP/1.1\" 304 - \"http://localhost:3000/bitmex/XBTUSD\" \"Mozilla/5.0 (Macintosh; Intel Mac OS X 10_14_6) AppleWebKit/537.36 (KHTML, like Gecko) Chrome/78.0.3904.108 Safari/537.36\"\n","level":"info"}
{"message":"::1 - - [24/Nov/2019:18:06:41 +0000] \"GET /v1/exchanges HTTP/1.1\" 304 - \"http://localhost:3000/bitmex/XBTUSD\" \"Mozilla/5.0 (Macintosh; Intel Mac OS X 10_14_6) AppleWebKit/537.36 (KHTML, like Gecko) Chrome/78.0.3904.108 Safari/537.36\"\n","level":"info"}
{"message":"::1 - - [24/Nov/2019:18:06:41 +0000] \"OPTIONS /v1/bitmex/candles/XBTUSD HTTP/1.1\" 200 4 \"http://localhost:3000/bitmex/XBTUSD\" \"Mozilla/5.0 (Macintosh; Intel Mac OS X 10_14_6) AppleWebKit/537.36 (KHTML, like Gecko) Chrome/78.0.3904.108 Safari/537.36\"\n","level":"info"}
{"message":"::1 - - [24/Nov/2019:18:06:41 +0000] \"OPTIONS /v1/bitmex/wallet/history HTTP/1.1\" 200 8 \"http://localhost:3000/bitmex/XBTUSD\" \"Mozilla/5.0 (Macintosh; Intel Mac OS X 10_14_6) AppleWebKit/537.36 (KHTML, like Gecko) Chrome/78.0.3904.108 Safari/537.36\"\n","level":"info"}
{"message":"::1 - - [24/Nov/2019:18:06:41 +0000] \"OPTIONS /v1/bitmex/positions/XBTUSD HTTP/1.1\" 200 8 \"http://localhost:3000/bitmex/XBTUSD\" \"Mozilla/5.0 (Macintosh; Intel Mac OS X 10_14_6) AppleWebKit/537.36 (KHTML, like Gecko) Chrome/78.0.3904.108 Safari/537.36\"\n","level":"info"}
{"message":"::1 - - [24/Nov/2019:18:06:41 +0000] \"OPTIONS /v1/bitmex/wallet HTTP/1.1\" 200 8 \"http://localhost:3000/bitmex/XBTUSD\" \"Mozilla/5.0 (Macintosh; Intel Mac OS X 10_14_6) AppleWebKit/537.36 (KHTML, like Gecko) Chrome/78.0.3904.108 Safari/537.36\"\n","level":"info"}
{"message":"::1 - - [24/Nov/2019:18:06:42 +0000] \"GET /v1/bitmex/positions/XBTUSD HTTP/1.1\" 200 1822 \"http://localhost:3000/bitmex/XBTUSD\" \"Mozilla/5.0 (Macintosh; Intel Mac OS X 10_14_6) AppleWebKit/537.36 (KHTML, like Gecko) Chrome/78.0.3904.108 Safari/537.36\"\n","level":"info"}
{"message":"::1 - - [24/Nov/2019:18:06:42 +0000] \"GET /v1/bitmex/wallet/history HTTP/1.1\" 304 - \"http://localhost:3000/bitmex/XBTUSD\" \"Mozilla/5.0 (Macintosh; Intel Mac OS X 10_14_6) AppleWebKit/537.36 (KHTML, like Gecko) Chrome/78.0.3904.108 Safari/537.36\"\n","level":"info"}
{"message":"::1 - - [24/Nov/2019:18:06:42 +0000] \"GET /v1/bitmex/wallet HTTP/1.1\" 200 846 \"http://localhost:3000/bitmex/XBTUSD\" \"Mozilla/5.0 (Macintosh; Intel Mac OS X 10_14_6) AppleWebKit/537.36 (KHTML, like Gecko) Chrome/78.0.3904.108 Safari/537.36\"\n","level":"info"}
{"message":"::1 - - [24/Nov/2019:18:06:42 +0000] \"OPTIONS /v1/bitmex/instruments/XBTUSD HTTP/1.1\" 200 8 \"http://localhost:3000/bitmex/XBTUSD\" \"Mozilla/5.0 (Macintosh; Intel Mac OS X 10_14_6) AppleWebKit/537.36 (KHTML, like Gecko) Chrome/78.0.3904.108 Safari/537.36\"\n","level":"info"}
{"message":"::1 - - [24/Nov/2019:18:06:43 +0000] \"GET /v1/bitmex/instruments/XBTUSD HTTP/1.1\" 200 2500 \"http://localhost:3000/bitmex/XBTUSD\" \"Mozilla/5.0 (Macintosh; Intel Mac OS X 10_14_6) AppleWebKit/537.36 (KHTML, like Gecko) Chrome/78.0.3904.108 Safari/537.36\"\n","level":"info"}
{"message":"::1 - - [24/Nov/2019:18:06:43 +0000] \"OPTIONS /v1/candles/bitmex/XBTUSD/D1 HTTP/1.1\" 200 4 \"http://localhost:3000/bitmex/XBTUSD\" \"Mozilla/5.0 (Macintosh; Intel Mac OS X 10_14_6) AppleWebKit/537.36 (KHTML, like Gecko) Chrome/78.0.3904.108 Safari/537.36\"\n","level":"info"}
{"message":"::1 - - [24/Nov/2019:18:06:43 +0000] \"POST /v1/candles/bitmex/XBTUSD/D1 HTTP/1.1\" 200 246998 \"http://localhost:3000/bitmex/XBTUSD\" \"Mozilla/5.0 (Macintosh; Intel Mac OS X 10_14_6) AppleWebKit/537.36 (KHTML, like Gecko) Chrome/78.0.3904.108 Safari/537.36\"\n","level":"info"}
{"message":"::1 - - [24/Nov/2019:18:06:44 +0000] \"POST /v1/bitmex/candles/XBTUSD HTTP/1.1\" 200 232198 \"http://localhost:3000/bitmex/XBTUSD\" \"Mozilla/5.0 (Macintosh; Intel Mac OS X 10_14_6) AppleWebKit/537.36 (KHTML, like Gecko) Chrome/78.0.3904.108 Safari/537.36\"\n","level":"info"}
{"message":"::1 - - [24/Nov/2019:18:07:27 +0000] \"OPTIONS /v1/intervals HTTP/1.1\" 200 8 \"http://localhost:3000/bitmex/XBTUSD\" \"Mozilla/5.0 (Macintosh; Intel Mac OS X 10_14_6) AppleWebKit/537.36 (KHTML, like Gecko) Chrome/78.0.3904.108 Safari/537.36\"\n","level":"info"}
{"message":"::1 - - [24/Nov/2019:18:07:27 +0000] \"OPTIONS /v1/exchanges HTTP/1.1\" 200 8 \"http://localhost:3000/bitmex/XBTUSD\" \"Mozilla/5.0 (Macintosh; Intel Mac OS X 10_14_6) AppleWebKit/537.36 (KHTML, like Gecko) Chrome/78.0.3904.108 Safari/537.36\"\n","level":"info"}
{"message":"::1 - - [24/Nov/2019:18:07:27 +0000] \"OPTIONS /v1/status/bitmex HTTP/1.1\" 404 159 \"http://localhost:3000/bitmex/XBTUSD\" \"Mozilla/5.0 (Macintosh; Intel Mac OS X 10_14_6) AppleWebKit/537.36 (KHTML, like Gecko) Chrome/78.0.3904.108 Safari/537.36\"\n","level":"info"}
{"message":"::1 - - [24/Nov/2019:18:07:27 +0000] \"GET /v1/intervals HTTP/1.1\" 304 - \"http://localhost:3000/bitmex/XBTUSD\" \"Mozilla/5.0 (Macintosh; Intel Mac OS X 10_14_6) AppleWebKit/537.36 (KHTML, like Gecko) Chrome/78.0.3904.108 Safari/537.36\"\n","level":"info"}
{"message":"::1 - - [24/Nov/2019:18:07:28 +0000] \"GET /v1/exchanges HTTP/1.1\" 304 - \"http://localhost:3000/bitmex/XBTUSD\" \"Mozilla/5.0 (Macintosh; Intel Mac OS X 10_14_6) AppleWebKit/537.36 (KHTML, like Gecko) Chrome/78.0.3904.108 Safari/537.36\"\n","level":"info"}
{"message":"::1 - - [24/Nov/2019:18:07:28 +0000] \"OPTIONS /v1/bitmex/candles/XBTUSD HTTP/1.1\" 200 4 \"http://localhost:3000/bitmex/XBTUSD\" \"Mozilla/5.0 (Macintosh; Intel Mac OS X 10_14_6) AppleWebKit/537.36 (KHTML, like Gecko) Chrome/78.0.3904.108 Safari/537.36\"\n","level":"info"}
{"message":"::1 - - [24/Nov/2019:18:07:28 +0000] \"OPTIONS /v1/bitmex/wallet/history HTTP/1.1\" 200 8 \"http://localhost:3000/bitmex/XBTUSD\" \"Mozilla/5.0 (Macintosh; Intel Mac OS X 10_14_6) AppleWebKit/537.36 (KHTML, like Gecko) Chrome/78.0.3904.108 Safari/537.36\"\n","level":"info"}
{"message":"::1 - - [24/Nov/2019:18:07:28 +0000] \"OPTIONS /v1/bitmex/positions/XBTUSD HTTP/1.1\" 200 8 \"http://localhost:3000/bitmex/XBTUSD\" \"Mozilla/5.0 (Macintosh; Intel Mac OS X 10_14_6) AppleWebKit/537.36 (KHTML, like Gecko) Chrome/78.0.3904.108 Safari/537.36\"\n","level":"info"}
{"message":"::1 - - [24/Nov/2019:18:07:28 +0000] \"OPTIONS /v1/bitmex/wallet HTTP/1.1\" 200 8 \"http://localhost:3000/bitmex/XBTUSD\" \"Mozilla/5.0 (Macintosh; Intel Mac OS X 10_14_6) AppleWebKit/537.36 (KHTML, like Gecko) Chrome/78.0.3904.108 Safari/537.36\"\n","level":"info"}
{"message":"::1 - - [24/Nov/2019:18:07:29 +0000] \"GET /v1/bitmex/wallet HTTP/1.1\" 200 846 \"http://localhost:3000/bitmex/XBTUSD\" \"Mozilla/5.0 (Macintosh; Intel Mac OS X 10_14_6) AppleWebKit/537.36 (KHTML, like Gecko) Chrome/78.0.3904.108 Safari/537.36\"\n","level":"info"}
{"message":"::1 - - [24/Nov/2019:18:07:29 +0000] \"GET /v1/bitmex/positions/XBTUSD HTTP/1.1\" 200 1822 \"http://localhost:3000/bitmex/XBTUSD\" \"Mozilla/5.0 (Macintosh; Intel Mac OS X 10_14_6) AppleWebKit/537.36 (KHTML, like Gecko) Chrome/78.0.3904.108 Safari/537.36\"\n","level":"info"}
{"message":"::1 - - [24/Nov/2019:18:07:29 +0000] \"GET /v1/bitmex/wallet/history HTTP/1.1\" 304 - \"http://localhost:3000/bitmex/XBTUSD\" \"Mozilla/5.0 (Macintosh; Intel Mac OS X 10_14_6) AppleWebKit/537.36 (KHTML, like Gecko) Chrome/78.0.3904.108 Safari/537.36\"\n","level":"info"}
{"message":"::1 - - [24/Nov/2019:18:07:29 +0000] \"OPTIONS /v1/bitmex/instruments/XBTUSD HTTP/1.1\" 200 8 \"http://localhost:3000/bitmex/XBTUSD\" \"Mozilla/5.0 (Macintosh; Intel Mac OS X 10_14_6) AppleWebKit/537.36 (KHTML, like Gecko) Chrome/78.0.3904.108 Safari/537.36\"\n","level":"info"}
{"message":"::1 - - [24/Nov/2019:18:07:29 +0000] \"GET /v1/bitmex/instruments/XBTUSD HTTP/1.1\" 200 2501 \"http://localhost:3000/bitmex/XBTUSD\" \"Mozilla/5.0 (Macintosh; Intel Mac OS X 10_14_6) AppleWebKit/537.36 (KHTML, like Gecko) Chrome/78.0.3904.108 Safari/537.36\"\n","level":"info"}
{"message":"::1 - - [24/Nov/2019:18:07:29 +0000] \"OPTIONS /v1/candles/bitmex/XBTUSD/D1 HTTP/1.1\" 200 4 \"http://localhost:3000/bitmex/XBTUSD\" \"Mozilla/5.0 (Macintosh; Intel Mac OS X 10_14_6) AppleWebKit/537.36 (KHTML, like Gecko) Chrome/78.0.3904.108 Safari/537.36\"\n","level":"info"}
{"message":"::1 - - [24/Nov/2019:18:07:29 +0000] \"POST /v1/candles/bitmex/XBTUSD/D1 HTTP/1.1\" 200 247131 \"http://localhost:3000/bitmex/XBTUSD\" \"Mozilla/5.0 (Macintosh; Intel Mac OS X 10_14_6) AppleWebKit/537.36 (KHTML, like Gecko) Chrome/78.0.3904.108 Safari/537.36\"\n","level":"info"}
{"message":"::1 - - [24/Nov/2019:18:07:31 +0000] \"POST /v1/bitmex/candles/XBTUSD HTTP/1.1\" 200 232170 \"http://localhost:3000/bitmex/XBTUSD\" \"Mozilla/5.0 (Macintosh; Intel Mac OS X 10_14_6) AppleWebKit/537.36 (KHTML, like Gecko) Chrome/78.0.3904.108 Safari/537.36\"\n","level":"info"}
{"message":"::1 - - [24/Nov/2019:18:08:29 +0000] \"OPTIONS /v1/intervals HTTP/1.1\" 200 8 \"http://localhost:3000/bitmex/XBTUSD\" \"Mozilla/5.0 (Macintosh; Intel Mac OS X 10_14_6) AppleWebKit/537.36 (KHTML, like Gecko) Chrome/78.0.3904.108 Safari/537.36\"\n","level":"info"}
{"message":"::1 - - [24/Nov/2019:18:08:29 +0000] \"OPTIONS /v1/exchanges HTTP/1.1\" 200 8 \"http://localhost:3000/bitmex/XBTUSD\" \"Mozilla/5.0 (Macintosh; Intel Mac OS X 10_14_6) AppleWebKit/537.36 (KHTML, like Gecko) Chrome/78.0.3904.108 Safari/537.36\"\n","level":"info"}
{"message":"::1 - - [24/Nov/2019:18:08:29 +0000] \"OPTIONS /v1/status/bitmex HTTP/1.1\" 404 159 \"http://localhost:3000/bitmex/XBTUSD\" \"Mozilla/5.0 (Macintosh; Intel Mac OS X 10_14_6) AppleWebKit/537.36 (KHTML, like Gecko) Chrome/78.0.3904.108 Safari/537.36\"\n","level":"info"}
{"message":"::1 - - [24/Nov/2019:18:08:29 +0000] \"GET /v1/exchanges HTTP/1.1\" 304 - \"http://localhost:3000/bitmex/XBTUSD\" \"Mozilla/5.0 (Macintosh; Intel Mac OS X 10_14_6) AppleWebKit/537.36 (KHTML, like Gecko) Chrome/78.0.3904.108 Safari/537.36\"\n","level":"info"}
{"message":"::1 - - [24/Nov/2019:18:08:29 +0000] \"GET /v1/intervals HTTP/1.1\" 304 - \"http://localhost:3000/bitmex/XBTUSD\" \"Mozilla/5.0 (Macintosh; Intel Mac OS X 10_14_6) AppleWebKit/537.36 (KHTML, like Gecko) Chrome/78.0.3904.108 Safari/537.36\"\n","level":"info"}
{"message":"::1 - - [24/Nov/2019:18:08:30 +0000] \"OPTIONS /v1/bitmex/candles/XBTUSD HTTP/1.1\" 200 4 \"http://localhost:3000/bitmex/XBTUSD\" \"Mozilla/5.0 (Macintosh; Intel Mac OS X 10_14_6) AppleWebKit/537.36 (KHTML, like Gecko) Chrome/78.0.3904.108 Safari/537.36\"\n","level":"info"}
{"message":"::1 - - [24/Nov/2019:18:08:30 +0000] \"OPTIONS /v1/bitmex/wallet/history HTTP/1.1\" 200 8 \"http://localhost:3000/bitmex/XBTUSD\" \"Mozilla/5.0 (Macintosh; Intel Mac OS X 10_14_6) AppleWebKit/537.36 (KHTML, like Gecko) Chrome/78.0.3904.108 Safari/537.36\"\n","level":"info"}
{"message":"::1 - - [24/Nov/2019:18:08:30 +0000] \"OPTIONS /v1/bitmex/positions/XBTUSD HTTP/1.1\" 200 8 \"http://localhost:3000/bitmex/XBTUSD\" \"Mozilla/5.0 (Macintosh; Intel Mac OS X 10_14_6) AppleWebKit/537.36 (KHTML, like Gecko) Chrome/78.0.3904.108 Safari/537.36\"\n","level":"info"}
{"message":"::1 - - [24/Nov/2019:18:08:30 +0000] \"OPTIONS /v1/bitmex/wallet HTTP/1.1\" 200 8 \"http://localhost:3000/bitmex/XBTUSD\" \"Mozilla/5.0 (Macintosh; Intel Mac OS X 10_14_6) AppleWebKit/537.36 (KHTML, like Gecko) Chrome/78.0.3904.108 Safari/537.36\"\n","level":"info"}
{"message":"::1 - - [24/Nov/2019:18:08:30 +0000] \"GET /v1/bitmex/positions/XBTUSD HTTP/1.1\" 200 1820 \"http://localhost:3000/bitmex/XBTUSD\" \"Mozilla/5.0 (Macintosh; Intel Mac OS X 10_14_6) AppleWebKit/537.36 (KHTML, like Gecko) Chrome/78.0.3904.108 Safari/537.36\"\n","level":"info"}
{"message":"::1 - - [24/Nov/2019:18:08:30 +0000] \"GET /v1/bitmex/wallet HTTP/1.1\" 200 846 \"http://localhost:3000/bitmex/XBTUSD\" \"Mozilla/5.0 (Macintosh; Intel Mac OS X 10_14_6) AppleWebKit/537.36 (KHTML, like Gecko) Chrome/78.0.3904.108 Safari/537.36\"\n","level":"info"}
{"message":"::1 - - [24/Nov/2019:18:08:31 +0000] \"GET /v1/bitmex/wallet/history HTTP/1.1\" 304 - \"http://localhost:3000/bitmex/XBTUSD\" \"Mozilla/5.0 (Macintosh; Intel Mac OS X 10_14_6) AppleWebKit/537.36 (KHTML, like Gecko) Chrome/78.0.3904.108 Safari/537.36\"\n","level":"info"}
{"message":"::1 - - [24/Nov/2019:18:08:31 +0000] \"OPTIONS /v1/bitmex/instruments/XBTUSD HTTP/1.1\" 200 8 \"http://localhost:3000/bitmex/XBTUSD\" \"Mozilla/5.0 (Macintosh; Intel Mac OS X 10_14_6) AppleWebKit/537.36 (KHTML, like Gecko) Chrome/78.0.3904.108 Safari/537.36\"\n","level":"info"}
{"message":"::1 - - [24/Nov/2019:18:08:31 +0000] \"GET /v1/bitmex/instruments/XBTUSD HTTP/1.1\" 200 2500 \"http://localhost:3000/bitmex/XBTUSD\" \"Mozilla/5.0 (Macintosh; Intel Mac OS X 10_14_6) AppleWebKit/537.36 (KHTML, like Gecko) Chrome/78.0.3904.108 Safari/537.36\"\n","level":"info"}
{"message":"::1 - - [24/Nov/2019:18:08:31 +0000] \"OPTIONS /v1/candles/bitmex/XBTUSD/D1 HTTP/1.1\" 200 4 \"http://localhost:3000/bitmex/XBTUSD\" \"Mozilla/5.0 (Macintosh; Intel Mac OS X 10_14_6) AppleWebKit/537.36 (KHTML, like Gecko) Chrome/78.0.3904.108 Safari/537.36\"\n","level":"info"}
{"message":"::1 - - [24/Nov/2019:18:08:31 +0000] \"POST /v1/candles/bitmex/XBTUSD/D1 HTTP/1.1\" 200 247262 \"http://localhost:3000/bitmex/XBTUSD\" \"Mozilla/5.0 (Macintosh; Intel Mac OS X 10_14_6) AppleWebKit/537.36 (KHTML, like Gecko) Chrome/78.0.3904.108 Safari/537.36\"\n","level":"info"}
{"message":"::1 - - [24/Nov/2019:18:08:33 +0000] \"POST /v1/bitmex/candles/XBTUSD HTTP/1.1\" 200 232160 \"http://localhost:3000/bitmex/XBTUSD\" \"Mozilla/5.0 (Macintosh; Intel Mac OS X 10_14_6) AppleWebKit/537.36 (KHTML, like Gecko) Chrome/78.0.3904.108 Safari/537.36\"\n","level":"info"}
{"message":"::1 - - [24/Nov/2019:18:09:07 +0000] \"OPTIONS /v1/intervals HTTP/1.1\" 200 8 \"http://localhost:3000/bitmex/XBTUSD\" \"Mozilla/5.0 (Macintosh; Intel Mac OS X 10_14_6) AppleWebKit/537.36 (KHTML, like Gecko) Chrome/78.0.3904.108 Safari/537.36\"\n","level":"info"}
{"message":"::1 - - [24/Nov/2019:18:09:07 +0000] \"OPTIONS /v1/exchanges HTTP/1.1\" 200 8 \"http://localhost:3000/bitmex/XBTUSD\" \"Mozilla/5.0 (Macintosh; Intel Mac OS X 10_14_6) AppleWebKit/537.36 (KHTML, like Gecko) Chrome/78.0.3904.108 Safari/537.36\"\n","level":"info"}
{"message":"::1 - - [24/Nov/2019:18:09:07 +0000] \"OPTIONS /v1/status/bitmex HTTP/1.1\" 404 159 \"http://localhost:3000/bitmex/XBTUSD\" \"Mozilla/5.0 (Macintosh; Intel Mac OS X 10_14_6) AppleWebKit/537.36 (KHTML, like Gecko) Chrome/78.0.3904.108 Safari/537.36\"\n","level":"info"}
{"message":"::1 - - [24/Nov/2019:18:09:07 +0000] \"GET /v1/intervals HTTP/1.1\" 304 - \"http://localhost:3000/bitmex/XBTUSD\" \"Mozilla/5.0 (Macintosh; Intel Mac OS X 10_14_6) AppleWebKit/537.36 (KHTML, like Gecko) Chrome/78.0.3904.108 Safari/537.36\"\n","level":"info"}
{"message":"::1 - - [24/Nov/2019:18:09:07 +0000] \"GET /v1/exchanges HTTP/1.1\" 304 - \"http://localhost:3000/bitmex/XBTUSD\" \"Mozilla/5.0 (Macintosh; Intel Mac OS X 10_14_6) AppleWebKit/537.36 (KHTML, like Gecko) Chrome/78.0.3904.108 Safari/537.36\"\n","level":"info"}
{"message":"::1 - - [24/Nov/2019:18:09:07 +0000] \"OPTIONS /v1/bitmex/candles/XBTUSD HTTP/1.1\" 200 4 \"http://localhost:3000/bitmex/XBTUSD\" \"Mozilla/5.0 (Macintosh; Intel Mac OS X 10_14_6) AppleWebKit/537.36 (KHTML, like Gecko) Chrome/78.0.3904.108 Safari/537.36\"\n","level":"info"}
{"message":"::1 - - [24/Nov/2019:18:09:07 +0000] \"OPTIONS /v1/bitmex/wallet/history HTTP/1.1\" 200 8 \"http://localhost:3000/bitmex/XBTUSD\" \"Mozilla/5.0 (Macintosh; Intel Mac OS X 10_14_6) AppleWebKit/537.36 (KHTML, like Gecko) Chrome/78.0.3904.108 Safari/537.36\"\n","level":"info"}
{"message":"::1 - - [24/Nov/2019:18:09:07 +0000] \"OPTIONS /v1/bitmex/positions/XBTUSD HTTP/1.1\" 200 8 \"http://localhost:3000/bitmex/XBTUSD\" \"Mozilla/5.0 (Macintosh; Intel Mac OS X 10_14_6) AppleWebKit/537.36 (KHTML, like Gecko) Chrome/78.0.3904.108 Safari/537.36\"\n","level":"info"}
{"message":"::1 - - [24/Nov/2019:18:09:07 +0000] \"OPTIONS /v1/bitmex/wallet HTTP/1.1\" 200 8 \"http://localhost:3000/bitmex/XBTUSD\" \"Mozilla/5.0 (Macintosh; Intel Mac OS X 10_14_6) AppleWebKit/537.36 (KHTML, like Gecko) Chrome/78.0.3904.108 Safari/537.36\"\n","level":"info"}
{"message":"::1 - - [24/Nov/2019:18:09:08 +0000] \"GET /v1/bitmex/wallet HTTP/1.1\" 200 846 \"http://localhost:3000/bitmex/XBTUSD\" \"Mozilla/5.0 (Macintosh; Intel Mac OS X 10_14_6) AppleWebKit/537.36 (KHTML, like Gecko) Chrome/78.0.3904.108 Safari/537.36\"\n","level":"info"}
{"message":"::1 - - [24/Nov/2019:18:09:08 +0000] \"GET /v1/bitmex/positions/XBTUSD HTTP/1.1\" 200 1822 \"http://localhost:3000/bitmex/XBTUSD\" \"Mozilla/5.0 (Macintosh; Intel Mac OS X 10_14_6) AppleWebKit/537.36 (KHTML, like Gecko) Chrome/78.0.3904.108 Safari/537.36\"\n","level":"info"}
{"message":"::1 - - [24/Nov/2019:18:09:08 +0000] \"GET /v1/bitmex/wallet/history HTTP/1.1\" 304 - \"http://localhost:3000/bitmex/XBTUSD\" \"Mozilla/5.0 (Macintosh; Intel Mac OS X 10_14_6) AppleWebKit/537.36 (KHTML, like Gecko) Chrome/78.0.3904.108 Safari/537.36\"\n","level":"info"}
{"message":"::1 - - [24/Nov/2019:18:09:08 +0000] \"OPTIONS /v1/bitmex/instruments/XBTUSD HTTP/1.1\" 200 8 \"http://localhost:3000/bitmex/XBTUSD\" \"Mozilla/5.0 (Macintosh; Intel Mac OS X 10_14_6) AppleWebKit/537.36 (KHTML, like Gecko) Chrome/78.0.3904.108 Safari/537.36\"\n","level":"info"}
{"message":"::1 - - [24/Nov/2019:18:09:09 +0000] \"GET /v1/bitmex/instruments/XBTUSD HTTP/1.1\" 200 2504 \"http://localhost:3000/bitmex/XBTUSD\" \"Mozilla/5.0 (Macintosh; Intel Mac OS X 10_14_6) AppleWebKit/537.36 (KHTML, like Gecko) Chrome/78.0.3904.108 Safari/537.36\"\n","level":"info"}
{"message":"::1 - - [24/Nov/2019:18:09:09 +0000] \"OPTIONS /v1/candles/bitmex/XBTUSD/D1 HTTP/1.1\" 200 4 \"http://localhost:3000/bitmex/XBTUSD\" \"Mozilla/5.0 (Macintosh; Intel Mac OS X 10_14_6) AppleWebKit/537.36 (KHTML, like Gecko) Chrome/78.0.3904.108 Safari/537.36\"\n","level":"info"}
{"message":"::1 - - [24/Nov/2019:18:09:09 +0000] \"POST /v1/candles/bitmex/XBTUSD/D1 HTTP/1.1\" 200 247395 \"http://localhost:3000/bitmex/XBTUSD\" \"Mozilla/5.0 (Macintosh; Intel Mac OS X 10_14_6) AppleWebKit/537.36 (KHTML, like Gecko) Chrome/78.0.3904.108 Safari/537.36\"\n","level":"info"}
{"message":"::1 - - [24/Nov/2019:18:09:10 +0000] \"POST /v1/bitmex/candles/XBTUSD HTTP/1.1\" 200 232157 \"http://localhost:3000/bitmex/XBTUSD\" \"Mozilla/5.0 (Macintosh; Intel Mac OS X 10_14_6) AppleWebKit/537.36 (KHTML, like Gecko) Chrome/78.0.3904.108 Safari/537.36\"\n","level":"info"}
{"message":"::1 - - [24/Nov/2019:18:11:06 +0000] \"OPTIONS /v1/intervals HTTP/1.1\" 200 8 \"http://localhost:3000/bitmex/XBTUSD\" \"Mozilla/5.0 (Macintosh; Intel Mac OS X 10_14_6) AppleWebKit/537.36 (KHTML, like Gecko) Chrome/78.0.3904.108 Safari/537.36\"\n","level":"info"}
{"message":"::1 - - [24/Nov/2019:18:11:06 +0000] \"OPTIONS /v1/exchanges HTTP/1.1\" 200 8 \"http://localhost:3000/bitmex/XBTUSD\" \"Mozilla/5.0 (Macintosh; Intel Mac OS X 10_14_6) AppleWebKit/537.36 (KHTML, like Gecko) Chrome/78.0.3904.108 Safari/537.36\"\n","level":"info"}
{"message":"::1 - - [24/Nov/2019:18:11:06 +0000] \"OPTIONS /v1/status/bitmex HTTP/1.1\" 404 159 \"http://localhost:3000/bitmex/XBTUSD\" \"Mozilla/5.0 (Macintosh; Intel Mac OS X 10_14_6) AppleWebKit/537.36 (KHTML, like Gecko) Chrome/78.0.3904.108 Safari/537.36\"\n","level":"info"}
{"message":"::1 - - [24/Nov/2019:18:11:07 +0000] \"GET /v1/intervals HTTP/1.1\" 304 - \"http://localhost:3000/bitmex/XBTUSD\" \"Mozilla/5.0 (Macintosh; Intel Mac OS X 10_14_6) AppleWebKit/537.36 (KHTML, like Gecko) Chrome/78.0.3904.108 Safari/537.36\"\n","level":"info"}
{"message":"::1 - - [24/Nov/2019:18:11:07 +0000] \"GET /v1/exchanges HTTP/1.1\" 304 - \"http://localhost:3000/bitmex/XBTUSD\" \"Mozilla/5.0 (Macintosh; Intel Mac OS X 10_14_6) AppleWebKit/537.36 (KHTML, like Gecko) Chrome/78.0.3904.108 Safari/537.36\"\n","level":"info"}
{"message":"::1 - - [24/Nov/2019:18:11:07 +0000] \"OPTIONS /v1/bitmex/candles/XBTUSD HTTP/1.1\" 200 4 \"http://localhost:3000/bitmex/XBTUSD\" \"Mozilla/5.0 (Macintosh; Intel Mac OS X 10_14_6) AppleWebKit/537.36 (KHTML, like Gecko) Chrome/78.0.3904.108 Safari/537.36\"\n","level":"info"}
{"message":"::1 - - [24/Nov/2019:18:11:07 +0000] \"OPTIONS /v1/bitmex/wallet/history HTTP/1.1\" 200 8 \"http://localhost:3000/bitmex/XBTUSD\" \"Mozilla/5.0 (Macintosh; Intel Mac OS X 10_14_6) AppleWebKit/537.36 (KHTML, like Gecko) Chrome/78.0.3904.108 Safari/537.36\"\n","level":"info"}
{"message":"::1 - - [24/Nov/2019:18:11:07 +0000] \"OPTIONS /v1/bitmex/positions/XBTUSD HTTP/1.1\" 200 8 \"http://localhost:3000/bitmex/XBTUSD\" \"Mozilla/5.0 (Macintosh; Intel Mac OS X 10_14_6) AppleWebKit/537.36 (KHTML, like Gecko) Chrome/78.0.3904.108 Safari/537.36\"\n","level":"info"}
{"message":"::1 - - [24/Nov/2019:18:11:07 +0000] \"OPTIONS /v1/bitmex/wallet HTTP/1.1\" 200 8 \"http://localhost:3000/bitmex/XBTUSD\" \"Mozilla/5.0 (Macintosh; Intel Mac OS X 10_14_6) AppleWebKit/537.36 (KHTML, like Gecko) Chrome/78.0.3904.108 Safari/537.36\"\n","level":"info"}
{"message":"::1 - - [24/Nov/2019:18:11:08 +0000] \"GET /v1/bitmex/positions/XBTUSD HTTP/1.1\" 200 1822 \"http://localhost:3000/bitmex/XBTUSD\" \"Mozilla/5.0 (Macintosh; Intel Mac OS X 10_14_6) AppleWebKit/537.36 (KHTML, like Gecko) Chrome/78.0.3904.108 Safari/537.36\"\n","level":"info"}
{"message":"::1 - - [24/Nov/2019:18:11:08 +0000] \"GET /v1/bitmex/wallet HTTP/1.1\" 200 846 \"http://localhost:3000/bitmex/XBTUSD\" \"Mozilla/5.0 (Macintosh; Intel Mac OS X 10_14_6) AppleWebKit/537.36 (KHTML, like Gecko) Chrome/78.0.3904.108 Safari/537.36\"\n","level":"info"}
{"message":"::1 - - [24/Nov/2019:18:11:08 +0000] \"GET /v1/bitmex/wallet/history HTTP/1.1\" 304 - \"http://localhost:3000/bitmex/XBTUSD\" \"Mozilla/5.0 (Macintosh; Intel Mac OS X 10_14_6) AppleWebKit/537.36 (KHTML, like Gecko) Chrome/78.0.3904.108 Safari/537.36\"\n","level":"info"}
{"message":"::1 - - [24/Nov/2019:18:11:08 +0000] \"OPTIONS /v1/bitmex/instruments/XBTUSD HTTP/1.1\" 200 8 \"http://localhost:3000/bitmex/XBTUSD\" \"Mozilla/5.0 (Macintosh; Intel Mac OS X 10_14_6) AppleWebKit/537.36 (KHTML, like Gecko) Chrome/78.0.3904.108 Safari/537.36\"\n","level":"info"}
{"message":"::1 - - [24/Nov/2019:18:11:09 +0000] \"GET /v1/bitmex/instruments/XBTUSD HTTP/1.1\" 200 2502 \"http://localhost:3000/bitmex/XBTUSD\" \"Mozilla/5.0 (Macintosh; Intel Mac OS X 10_14_6) AppleWebKit/537.36 (KHTML, like Gecko) Chrome/78.0.3904.108 Safari/537.36\"\n","level":"info"}
{"message":"::1 - - [24/Nov/2019:18:11:09 +0000] \"OPTIONS /v1/candles/bitmex/XBTUSD/D1 HTTP/1.1\" 200 4 \"http://localhost:3000/bitmex/XBTUSD\" \"Mozilla/5.0 (Macintosh; Intel Mac OS X 10_14_6) AppleWebKit/537.36 (KHTML, like Gecko) Chrome/78.0.3904.108 Safari/537.36\"\n","level":"info"}
{"message":"::1 - - [24/Nov/2019:18:11:09 +0000] \"POST /v1/candles/bitmex/XBTUSD/D1 HTTP/1.1\" 200 247659 \"http://localhost:3000/bitmex/XBTUSD\" \"Mozilla/5.0 (Macintosh; Intel Mac OS X 10_14_6) AppleWebKit/537.36 (KHTML, like Gecko) Chrome/78.0.3904.108 Safari/537.36\"\n","level":"info"}
{"message":"::1 - - [24/Nov/2019:18:11:10 +0000] \"POST /v1/bitmex/candles/XBTUSD HTTP/1.1\" 200 232163 \"http://localhost:3000/bitmex/XBTUSD\" \"Mozilla/5.0 (Macintosh; Intel Mac OS X 10_14_6) AppleWebKit/537.36 (KHTML, like Gecko) Chrome/78.0.3904.108 Safari/537.36\"\n","level":"info"}
{"message":"::1 - - [24/Nov/2019:18:12:56 +0000] \"OPTIONS /v1/intervals HTTP/1.1\" 200 8 \"http://localhost:3000/bitmex/XBTUSD\" \"Mozilla/5.0 (Macintosh; Intel Mac OS X 10_14_6) AppleWebKit/537.36 (KHTML, like Gecko) Chrome/78.0.3904.108 Safari/537.36\"\n","level":"info"}
{"message":"::1 - - [24/Nov/2019:18:12:56 +0000] \"OPTIONS /v1/exchanges HTTP/1.1\" 200 8 \"http://localhost:3000/bitmex/XBTUSD\" \"Mozilla/5.0 (Macintosh; Intel Mac OS X 10_14_6) AppleWebKit/537.36 (KHTML, like Gecko) Chrome/78.0.3904.108 Safari/537.36\"\n","level":"info"}
{"message":"::1 - - [24/Nov/2019:18:12:56 +0000] \"OPTIONS /v1/status/bitmex HTTP/1.1\" 404 159 \"http://localhost:3000/bitmex/XBTUSD\" \"Mozilla/5.0 (Macintosh; Intel Mac OS X 10_14_6) AppleWebKit/537.36 (KHTML, like Gecko) Chrome/78.0.3904.108 Safari/537.36\"\n","level":"info"}
{"message":"::1 - - [24/Nov/2019:18:12:56 +0000] \"GET /v1/exchanges HTTP/1.1\" 304 - \"http://localhost:3000/bitmex/XBTUSD\" \"Mozilla/5.0 (Macintosh; Intel Mac OS X 10_14_6) AppleWebKit/537.36 (KHTML, like Gecko) Chrome/78.0.3904.108 Safari/537.36\"\n","level":"info"}
{"message":"::1 - - [24/Nov/2019:18:12:56 +0000] \"GET /v1/intervals HTTP/1.1\" 304 - \"http://localhost:3000/bitmex/XBTUSD\" \"Mozilla/5.0 (Macintosh; Intel Mac OS X 10_14_6) AppleWebKit/537.36 (KHTML, like Gecko) Chrome/78.0.3904.108 Safari/537.36\"\n","level":"info"}
{"message":"::1 - - [24/Nov/2019:18:12:56 +0000] \"OPTIONS /v1/bitmex/candles/XBTUSD HTTP/1.1\" 200 4 \"http://localhost:3000/bitmex/XBTUSD\" \"Mozilla/5.0 (Macintosh; Intel Mac OS X 10_14_6) AppleWebKit/537.36 (KHTML, like Gecko) Chrome/78.0.3904.108 Safari/537.36\"\n","level":"info"}
{"message":"::1 - - [24/Nov/2019:18:12:56 +0000] \"OPTIONS /v1/bitmex/wallet/history HTTP/1.1\" 200 8 \"http://localhost:3000/bitmex/XBTUSD\" \"Mozilla/5.0 (Macintosh; Intel Mac OS X 10_14_6) AppleWebKit/537.36 (KHTML, like Gecko) Chrome/78.0.3904.108 Safari/537.36\"\n","level":"info"}
{"message":"::1 - - [24/Nov/2019:18:12:56 +0000] \"OPTIONS /v1/bitmex/positions/XBTUSD HTTP/1.1\" 200 8 \"http://localhost:3000/bitmex/XBTUSD\" \"Mozilla/5.0 (Macintosh; Intel Mac OS X 10_14_6) AppleWebKit/537.36 (KHTML, like Gecko) Chrome/78.0.3904.108 Safari/537.36\"\n","level":"info"}
{"message":"::1 - - [24/Nov/2019:18:12:56 +0000] \"OPTIONS /v1/bitmex/wallet HTTP/1.1\" 200 8 \"http://localhost:3000/bitmex/XBTUSD\" \"Mozilla/5.0 (Macintosh; Intel Mac OS X 10_14_6) AppleWebKit/537.36 (KHTML, like Gecko) Chrome/78.0.3904.108 Safari/537.36\"\n","level":"info"}
{"message":"::1 - - [24/Nov/2019:18:12:57 +0000] \"GET /v1/bitmex/positions/XBTUSD HTTP/1.1\" 200 1821 \"http://localhost:3000/bitmex/XBTUSD\" \"Mozilla/5.0 (Macintosh; Intel Mac OS X 10_14_6) AppleWebKit/537.36 (KHTML, like Gecko) Chrome/78.0.3904.108 Safari/537.36\"\n","level":"info"}
{"message":"::1 - - [24/Nov/2019:18:12:57 +0000] \"GET /v1/bitmex/wallet HTTP/1.1\" 200 846 \"http://localhost:3000/bitmex/XBTUSD\" \"Mozilla/5.0 (Macintosh; Intel Mac OS X 10_14_6) AppleWebKit/537.36 (KHTML, like Gecko) Chrome/78.0.3904.108 Safari/537.36\"\n","level":"info"}
{"message":"::1 - - [24/Nov/2019:18:12:57 +0000] \"GET /v1/bitmex/wallet/history HTTP/1.1\" 304 - \"http://localhost:3000/bitmex/XBTUSD\" \"Mozilla/5.0 (Macintosh; Intel Mac OS X 10_14_6) AppleWebKit/537.36 (KHTML, like Gecko) Chrome/78.0.3904.108 Safari/537.36\"\n","level":"info"}
{"message":"::1 - - [24/Nov/2019:18:12:57 +0000] \"OPTIONS /v1/bitmex/instruments/XBTUSD HTTP/1.1\" 200 8 \"http://localhost:3000/bitmex/XBTUSD\" \"Mozilla/5.0 (Macintosh; Intel Mac OS X 10_14_6) AppleWebKit/537.36 (KHTML, like Gecko) Chrome/78.0.3904.108 Safari/537.36\"\n","level":"info"}
{"message":"::1 - - [24/Nov/2019:18:12:58 +0000] \"GET /v1/bitmex/instruments/XBTUSD HTTP/1.1\" 200 2502 \"http://localhost:3000/bitmex/XBTUSD\" \"Mozilla/5.0 (Macintosh; Intel Mac OS X 10_14_6) AppleWebKit/537.36 (KHTML, like Gecko) Chrome/78.0.3904.108 Safari/537.36\"\n","level":"info"}
{"message":"::1 - - [24/Nov/2019:18:12:58 +0000] \"OPTIONS /v1/candles/bitmex/XBTUSD/D1 HTTP/1.1\" 200 4 \"http://localhost:3000/bitmex/XBTUSD\" \"Mozilla/5.0 (Macintosh; Intel Mac OS X 10_14_6) AppleWebKit/537.36 (KHTML, like Gecko) Chrome/78.0.3904.108 Safari/537.36\"\n","level":"info"}
{"message":"::1 - - [24/Nov/2019:18:12:58 +0000] \"POST /v1/candles/bitmex/XBTUSD/D1 HTTP/1.1\" 200 247790 \"http://localhost:3000/bitmex/XBTUSD\" \"Mozilla/5.0 (Macintosh; Intel Mac OS X 10_14_6) AppleWebKit/537.36 (KHTML, like Gecko) Chrome/78.0.3904.108 Safari/537.36\"\n","level":"info"}
{"message":"::1 - - [24/Nov/2019:18:12:59 +0000] \"POST /v1/bitmex/candles/XBTUSD HTTP/1.1\" 200 232139 \"http://localhost:3000/bitmex/XBTUSD\" \"Mozilla/5.0 (Macintosh; Intel Mac OS X 10_14_6) AppleWebKit/537.36 (KHTML, like Gecko) Chrome/78.0.3904.108 Safari/537.36\"\n","level":"info"}
{"message":"::1 - - [24/Nov/2019:18:13:50 +0000] \"OPTIONS /v1/intervals HTTP/1.1\" 200 8 \"http://localhost:3000/bitmex/XBTUSD\" \"Mozilla/5.0 (Macintosh; Intel Mac OS X 10_14_6) AppleWebKit/537.36 (KHTML, like Gecko) Chrome/78.0.3904.108 Safari/537.36\"\n","level":"info"}
{"message":"::1 - - [24/Nov/2019:18:13:50 +0000] \"OPTIONS /v1/exchanges HTTP/1.1\" 200 8 \"http://localhost:3000/bitmex/XBTUSD\" \"Mozilla/5.0 (Macintosh; Intel Mac OS X 10_14_6) AppleWebKit/537.36 (KHTML, like Gecko) Chrome/78.0.3904.108 Safari/537.36\"\n","level":"info"}
{"message":"::1 - - [24/Nov/2019:18:13:50 +0000] \"OPTIONS /v1/status/bitmex HTTP/1.1\" 404 159 \"http://localhost:3000/bitmex/XBTUSD\" \"Mozilla/5.0 (Macintosh; Intel Mac OS X 10_14_6) AppleWebKit/537.36 (KHTML, like Gecko) Chrome/78.0.3904.108 Safari/537.36\"\n","level":"info"}
{"message":"::1 - - [24/Nov/2019:18:13:51 +0000] \"GET /v1/exchanges HTTP/1.1\" 304 - \"http://localhost:3000/bitmex/XBTUSD\" \"Mozilla/5.0 (Macintosh; Intel Mac OS X 10_14_6) AppleWebKit/537.36 (KHTML, like Gecko) Chrome/78.0.3904.108 Safari/537.36\"\n","level":"info"}
{"message":"::1 - - [24/Nov/2019:18:13:51 +0000] \"GET /v1/intervals HTTP/1.1\" 304 - \"http://localhost:3000/bitmex/XBTUSD\" \"Mozilla/5.0 (Macintosh; Intel Mac OS X 10_14_6) AppleWebKit/537.36 (KHTML, like Gecko) Chrome/78.0.3904.108 Safari/537.36\"\n","level":"info"}
{"message":"::1 - - [24/Nov/2019:18:13:51 +0000] \"OPTIONS /v1/bitmex/candles/XBTUSD HTTP/1.1\" 200 4 \"http://localhost:3000/bitmex/XBTUSD\" \"Mozilla/5.0 (Macintosh; Intel Mac OS X 10_14_6) AppleWebKit/537.36 (KHTML, like Gecko) Chrome/78.0.3904.108 Safari/537.36\"\n","level":"info"}
{"message":"::1 - - [24/Nov/2019:18:13:51 +0000] \"OPTIONS /v1/bitmex/wallet/history HTTP/1.1\" 200 8 \"http://localhost:3000/bitmex/XBTUSD\" \"Mozilla/5.0 (Macintosh; Intel Mac OS X 10_14_6) AppleWebKit/537.36 (KHTML, like Gecko) Chrome/78.0.3904.108 Safari/537.36\"\n","level":"info"}
{"message":"::1 - - [24/Nov/2019:18:13:51 +0000] \"OPTIONS /v1/bitmex/positions/XBTUSD HTTP/1.1\" 200 8 \"http://localhost:3000/bitmex/XBTUSD\" \"Mozilla/5.0 (Macintosh; Intel Mac OS X 10_14_6) AppleWebKit/537.36 (KHTML, like Gecko) Chrome/78.0.3904.108 Safari/537.36\"\n","level":"info"}
{"message":"::1 - - [24/Nov/2019:18:13:51 +0000] \"OPTIONS /v1/bitmex/wallet HTTP/1.1\" 200 8 \"http://localhost:3000/bitmex/XBTUSD\" \"Mozilla/5.0 (Macintosh; Intel Mac OS X 10_14_6) AppleWebKit/537.36 (KHTML, like Gecko) Chrome/78.0.3904.108 Safari/537.36\"\n","level":"info"}
{"message":"::1 - - [24/Nov/2019:18:13:52 +0000] \"GET /v1/bitmex/positions/XBTUSD HTTP/1.1\" 200 1822 \"http://localhost:3000/bitmex/XBTUSD\" \"Mozilla/5.0 (Macintosh; Intel Mac OS X 10_14_6) AppleWebKit/537.36 (KHTML, like Gecko) Chrome/78.0.3904.108 Safari/537.36\"\n","level":"info"}
{"message":"::1 - - [24/Nov/2019:18:13:52 +0000] \"GET /v1/bitmex/wallet HTTP/1.1\" 200 847 \"http://localhost:3000/bitmex/XBTUSD\" \"Mozilla/5.0 (Macintosh; Intel Mac OS X 10_14_6) AppleWebKit/537.36 (KHTML, like Gecko) Chrome/78.0.3904.108 Safari/537.36\"\n","level":"info"}
{"message":"::1 - - [24/Nov/2019:18:13:52 +0000] \"GET /v1/bitmex/wallet/history HTTP/1.1\" 304 - \"http://localhost:3000/bitmex/XBTUSD\" \"Mozilla/5.0 (Macintosh; Intel Mac OS X 10_14_6) AppleWebKit/537.36 (KHTML, like Gecko) Chrome/78.0.3904.108 Safari/537.36\"\n","level":"info"}
{"message":"::1 - - [24/Nov/2019:18:13:52 +0000] \"OPTIONS /v1/bitmex/instruments/XBTUSD HTTP/1.1\" 200 8 \"http://localhost:3000/bitmex/XBTUSD\" \"Mozilla/5.0 (Macintosh; Intel Mac OS X 10_14_6) AppleWebKit/537.36 (KHTML, like Gecko) Chrome/78.0.3904.108 Safari/537.36\"\n","level":"info"}
{"message":"::1 - - [24/Nov/2019:18:13:53 +0000] \"GET /v1/bitmex/instruments/XBTUSD HTTP/1.1\" 200 2499 \"http://localhost:3000/bitmex/XBTUSD\" \"Mozilla/5.0 (Macintosh; Intel Mac OS X 10_14_6) AppleWebKit/537.36 (KHTML, like Gecko) Chrome/78.0.3904.108 Safari/537.36\"\n","level":"info"}
{"message":"::1 - - [24/Nov/2019:18:13:53 +0000] \"OPTIONS /v1/candles/bitmex/XBTUSD/D1 HTTP/1.1\" 200 4 \"http://localhost:3000/bitmex/XBTUSD\" \"Mozilla/5.0 (Macintosh; Intel Mac OS X 10_14_6) AppleWebKit/537.36 (KHTML, like Gecko) Chrome/78.0.3904.108 Safari/537.36\"\n","level":"info"}
{"message":"::1 - - [24/Nov/2019:18:13:53 +0000] \"POST /v1/candles/bitmex/XBTUSD/D1 HTTP/1.1\" 200 247923 \"http://localhost:3000/bitmex/XBTUSD\" \"Mozilla/5.0 (Macintosh; Intel Mac OS X 10_14_6) AppleWebKit/537.36 (KHTML, like Gecko) Chrome/78.0.3904.108 Safari/537.36\"\n","level":"info"}
{"message":"::1 - - [24/Nov/2019:18:13:54 +0000] \"POST /v1/bitmex/candles/XBTUSD HTTP/1.1\" 200 232161 \"http://localhost:3000/bitmex/XBTUSD\" \"Mozilla/5.0 (Macintosh; Intel Mac OS X 10_14_6) AppleWebKit/537.36 (KHTML, like Gecko) Chrome/78.0.3904.108 Safari/537.36\"\n","level":"info"}
{"message":"::1 - - [24/Nov/2019:18:37:15 +0000] \"OPTIONS /v1/intervals HTTP/1.1\" 200 8 \"http://localhost:3000/bitmex/XBTUSD\" \"Mozilla/5.0 (Macintosh; Intel Mac OS X 10_14_6) AppleWebKit/537.36 (KHTML, like Gecko) Chrome/78.0.3904.108 Safari/537.36\"\n","level":"info"}
{"message":"::1 - - [24/Nov/2019:18:37:15 +0000] \"OPTIONS /v1/exchanges HTTP/1.1\" 200 8 \"http://localhost:3000/bitmex/XBTUSD\" \"Mozilla/5.0 (Macintosh; Intel Mac OS X 10_14_6) AppleWebKit/537.36 (KHTML, like Gecko) Chrome/78.0.3904.108 Safari/537.36\"\n","level":"info"}
{"message":"::1 - - [24/Nov/2019:18:37:15 +0000] \"OPTIONS /v1/status/bitmex HTTP/1.1\" 404 159 \"http://localhost:3000/bitmex/XBTUSD\" \"Mozilla/5.0 (Macintosh; Intel Mac OS X 10_14_6) AppleWebKit/537.36 (KHTML, like Gecko) Chrome/78.0.3904.108 Safari/537.36\"\n","level":"info"}
{"message":"::1 - - [24/Nov/2019:18:37:16 +0000] \"GET /v1/exchanges HTTP/1.1\" 304 - \"http://localhost:3000/bitmex/XBTUSD\" \"Mozilla/5.0 (Macintosh; Intel Mac OS X 10_14_6) AppleWebKit/537.36 (KHTML, like Gecko) Chrome/78.0.3904.108 Safari/537.36\"\n","level":"info"}
{"message":"::1 - - [24/Nov/2019:18:37:16 +0000] \"GET /v1/intervals HTTP/1.1\" 304 - \"http://localhost:3000/bitmex/XBTUSD\" \"Mozilla/5.0 (Macintosh; Intel Mac OS X 10_14_6) AppleWebKit/537.36 (KHTML, like Gecko) Chrome/78.0.3904.108 Safari/537.36\"\n","level":"info"}
{"message":"::1 - - [24/Nov/2019:18:37:16 +0000] \"OPTIONS /v1/bitmex/candles/XBTUSD HTTP/1.1\" 200 4 \"http://localhost:3000/bitmex/XBTUSD\" \"Mozilla/5.0 (Macintosh; Intel Mac OS X 10_14_6) AppleWebKit/537.36 (KHTML, like Gecko) Chrome/78.0.3904.108 Safari/537.36\"\n","level":"info"}
{"message":"::1 - - [24/Nov/2019:18:37:16 +0000] \"OPTIONS /v1/bitmex/wallet/history HTTP/1.1\" 200 8 \"http://localhost:3000/bitmex/XBTUSD\" \"Mozilla/5.0 (Macintosh; Intel Mac OS X 10_14_6) AppleWebKit/537.36 (KHTML, like Gecko) Chrome/78.0.3904.108 Safari/537.36\"\n","level":"info"}
{"message":"::1 - - [24/Nov/2019:18:37:16 +0000] \"OPTIONS /v1/bitmex/positions/XBTUSD HTTP/1.1\" 200 8 \"http://localhost:3000/bitmex/XBTUSD\" \"Mozilla/5.0 (Macintosh; Intel Mac OS X 10_14_6) AppleWebKit/537.36 (KHTML, like Gecko) Chrome/78.0.3904.108 Safari/537.36\"\n","level":"info"}
{"message":"::1 - - [24/Nov/2019:18:37:16 +0000] \"OPTIONS /v1/bitmex/wallet HTTP/1.1\" 200 8 \"http://localhost:3000/bitmex/XBTUSD\" \"Mozilla/5.0 (Macintosh; Intel Mac OS X 10_14_6) AppleWebKit/537.36 (KHTML, like Gecko) Chrome/78.0.3904.108 Safari/537.36\"\n","level":"info"}
{"message":"::1 - - [24/Nov/2019:18:37:17 +0000] \"GET /v1/bitmex/positions/XBTUSD HTTP/1.1\" 200 1822 \"http://localhost:3000/bitmex/XBTUSD\" \"Mozilla/5.0 (Macintosh; Intel Mac OS X 10_14_6) AppleWebKit/537.36 (KHTML, like Gecko) Chrome/78.0.3904.108 Safari/537.36\"\n","level":"info"}
{"message":"::1 - - [24/Nov/2019:18:37:17 +0000] \"GET /v1/bitmex/wallet HTTP/1.1\" 200 847 \"http://localhost:3000/bitmex/XBTUSD\" \"Mozilla/5.0 (Macintosh; Intel Mac OS X 10_14_6) AppleWebKit/537.36 (KHTML, like Gecko) Chrome/78.0.3904.108 Safari/537.36\"\n","level":"info"}
{"message":"::1 - - [24/Nov/2019:18:37:17 +0000] \"GET /v1/bitmex/wallet/history HTTP/1.1\" 304 - \"http://localhost:3000/bitmex/XBTUSD\" \"Mozilla/5.0 (Macintosh; Intel Mac OS X 10_14_6) AppleWebKit/537.36 (KHTML, like Gecko) Chrome/78.0.3904.108 Safari/537.36\"\n","level":"info"}
{"message":"::1 - - [24/Nov/2019:18:37:17 +0000] \"OPTIONS /v1/bitmex/instruments/XBTUSD HTTP/1.1\" 200 8 \"http://localhost:3000/bitmex/XBTUSD\" \"Mozilla/5.0 (Macintosh; Intel Mac OS X 10_14_6) AppleWebKit/537.36 (KHTML, like Gecko) Chrome/78.0.3904.108 Safari/537.36\"\n","level":"info"}
{"message":"::1 - - [24/Nov/2019:18:37:18 +0000] \"GET /v1/bitmex/instruments/XBTUSD HTTP/1.1\" 200 2504 \"http://localhost:3000/bitmex/XBTUSD\" \"Mozilla/5.0 (Macintosh; Intel Mac OS X 10_14_6) AppleWebKit/537.36 (KHTML, like Gecko) Chrome/78.0.3904.108 Safari/537.36\"\n","level":"info"}
{"message":"::1 - - [24/Nov/2019:18:37:18 +0000] \"OPTIONS /v1/candles/bitmex/XBTUSD/D1 HTTP/1.1\" 200 4 \"http://localhost:3000/bitmex/XBTUSD\" \"Mozilla/5.0 (Macintosh; Intel Mac OS X 10_14_6) AppleWebKit/537.36 (KHTML, like Gecko) Chrome/78.0.3904.108 Safari/537.36\"\n","level":"info"}
{"message":"::1 - - [24/Nov/2019:18:37:18 +0000] \"POST /v1/candles/bitmex/XBTUSD/D1 HTTP/1.1\" 200 250201 \"http://localhost:3000/bitmex/XBTUSD\" \"Mozilla/5.0 (Macintosh; Intel Mac OS X 10_14_6) AppleWebKit/537.36 (KHTML, like Gecko) Chrome/78.0.3904.108 Safari/537.36\"\n","level":"info"}
{"message":"::1 - - [24/Nov/2019:18:37:19 +0000] \"POST /v1/bitmex/candles/XBTUSD HTTP/1.1\" 200 232098 \"http://localhost:3000/bitmex/XBTUSD\" \"Mozilla/5.0 (Macintosh; Intel Mac OS X 10_14_6) AppleWebKit/537.36 (KHTML, like Gecko) Chrome/78.0.3904.108 Safari/537.36\"\n","level":"info"}
