{"message":"::1 - - [07/Nov/2019:01:14:23 +0000] \"POST /v1/users/register HTTP/1.1\" 401 42 \"-\" \"PostmanRuntime/7.19.0\"\n","level":"info"}
{"message":"::1 - - [07/Nov/2019:01:16:28 +0000] \"POST /v1/users/register HTTP/1.1\" 401 0 \"-\" \"PostmanRuntime/7.19.0\"\n","level":"info"}
{"message":"::1 - - [07/Nov/2019:01:17:49 +0000] \"POST /v1/users/register HTTP/1.1\" 401 0 \"-\" \"PostmanRuntime/7.19.0\"\n","level":"info"}
{"message":"::1 - - [07/Nov/2019:01:20:36 +0000] \"POST /v1/users/register HTTP/1.1\" 401 0 \"-\" \"PostmanRuntime/7.19.0\"\n","level":"info"}
{"message":"::1 - - [07/Nov/2019:01:21:04 +0000] \"POST /v1/users/register HTTP/1.1\" 401 0 \"-\" \"PostmanRuntime/7.19.0\"\n","level":"info"}
{"message":"::1 - - [07/Nov/2019:01:22:07 +0000] \"POST /v1/users/register HTTP/1.1\" 401 0 \"-\" \"PostmanRuntime/7.19.0\"\n","level":"info"}
{"message":"::1 - - [07/Nov/2019:01:24:23 +0000] \"POST /v1/users/register HTTP/1.1\" 200 758 \"-\" \"PostmanRuntime/7.19.0\"\n","level":"info"}
{"message":"::1 - - [07/Nov/2019:01:26:17 +0000] \"POST /v1/users/login HTTP/1.1\" 200 758 \"-\" \"PostmanRuntime/7.19.0\"\n","level":"info"}
{"message":"::1 - - [07/Nov/2019:01:26:51 +0000] \"GET /v1/users/me HTTP/1.1\" 200 758 \"-\" \"PostmanRuntime/7.19.0\"\n","level":"info"}
{"message":"::1 - - [07/Nov/2019:01:27:47 +0000] \"PUT /v1/users/update HTTP/1.1\" 401 40 \"-\" \"PostmanRuntime/7.19.0\"\n","level":"info"}
{"message":"::1 - - [07/Nov/2019:01:29:12 +0000] \"PUT /v1/users/update HTTP/1.1\" 401 40 \"-\" \"PostmanRuntime/7.19.0\"\n","level":"info"}
{"message":"::1 - - [07/Nov/2019:01:29:45 +0000] \"PUT /v1/users/update HTTP/1.1\" 401 0 \"-\" \"PostmanRuntime/7.19.0\"\n","level":"info"}
{"message":"::1 - - [07/Nov/2019:01:30:07 +0000] \"PUT /v1/users/update HTTP/1.1\" 401 0 \"-\" \"PostmanRuntime/7.19.0\"\n","level":"info"}
{"message":"::1 - - [07/Nov/2019:01:30:42 +0000] \"PUT /v1/users/update HTTP/1.1\" 401 0 \"-\" \"PostmanRuntime/7.19.0\"\n","level":"info"}
{"message":"::1 - - [07/Nov/2019:01:31:44 +0000] \"PUT /v1/users/update HTTP/1.1\" 401 0 \"-\" \"PostmanRuntime/7.19.0\"\n","level":"info"}
{"message":"::1 - - [07/Nov/2019:01:32:45 +0000] \"PUT /v1/users/update HTTP/1.1\" 401 0 \"-\" \"PostmanRuntime/7.19.0\"\n","level":"info"}
{"message":"::1 - - [07/Nov/2019:01:33:01 +0000] \"PUT /v1/users/update HTTP/1.1\" 401 0 \"-\" \"PostmanRuntime/7.19.0\"\n","level":"info"}
{"message":"::1 - - [07/Nov/2019:01:33:14 +0000] \"PUT /v1/users/update HTTP/1.1\" 401 0 \"-\" \"PostmanRuntime/7.19.0\"\n","level":"info"}
{"message":"::1 - - [07/Nov/2019:01:33:32 +0000] \"PUT /v1/users/update HTTP/1.1\" 200 756 \"-\" \"PostmanRuntime/7.19.0\"\n","level":"info"}
{"message":"::1 - - [07/Nov/2019:01:35:37 +0000] \"POST /v1/users/verify-email HTTP/1.1\" 401 43 \"-\" \"PostmanRuntime/7.19.0\"\n","level":"info"}
{"message":"::1 - - [07/Nov/2019:01:36:13 +0000] \"POST /v1/users/verify-email HTTP/1.1\" 401 0 \"-\" \"PostmanRuntime/7.19.0\"\n","level":"info"}
{"message":"::1 - - [07/Nov/2019:01:37:17 +0000] \"POST /v1/users/verify-email HTTP/1.1\" 401 0 \"-\" \"PostmanRuntime/7.19.0\"\n","level":"info"}
{"message":"::1 - - [07/Nov/2019:01:37:29 +0000] \"POST /v1/users/verify-email HTTP/1.1\" 401 0 \"-\" \"PostmanRuntime/7.19.0\"\n","level":"info"}
{"message":"::1 - - [07/Nov/2019:01:37:50 +0000] \"POST /v1/users/verify-email HTTP/1.1\" 401 0 \"-\" \"PostmanRuntime/7.19.0\"\n","level":"info"}
{"message":"::1 - - [07/Nov/2019:01:38:21 +0000] \"POST /v1/users/verify-email HTTP/1.1\" 401 0 \"-\" \"PostmanRuntime/7.19.0\"\n","level":"info"}
{"message":"::1 - - [07/Nov/2019:01:38:56 +0000] \"POST /v1/users/verify-email HTTP/1.1\" 401 0 \"-\" \"PostmanRuntime/7.19.0\"\n","level":"info"}
{"message":"::1 - - [07/Nov/2019:01:39:19 +0000] \"POST /v1/users/verify-email HTTP/1.1\" 401 0 \"-\" \"PostmanRuntime/7.19.0\"\n","level":"info"}
{"message":"::1 - - [07/Nov/2019:01:39:42 +0000] \"POST /v1/users/verify-email HTTP/1.1\" 401 0 \"-\" \"PostmanRuntime/7.19.0\"\n","level":"info"}
{"message":"::1 - - [07/Nov/2019:01:40:14 +0000] \"POST /v1/users/verify-email HTTP/1.1\" 401 0 \"-\" \"PostmanRuntime/7.19.0\"\n","level":"info"}
{"message":"::1 - - [07/Nov/2019:01:40:45 +0000] \"POST /v1/users/verify-email HTTP/1.1\" 401 0 \"-\" \"PostmanRuntime/7.19.0\"\n","level":"info"}
{"message":"::1 - - [07/Nov/2019:01:41:13 +0000] \"POST /v1/users/verify-email HTTP/1.1\" 401 0 \"-\" \"PostmanRuntime/7.19.0\"\n","level":"info"}
{"message":"::1 - - [07/Nov/2019:01:41:31 +0000] \"POST /v1/users/verify-email HTTP/1.1\" 401 0 \"-\" \"PostmanRuntime/7.19.0\"\n","level":"info"}
{"message":"::1 - - [07/Nov/2019:01:43:09 +0000] \"POST /v1/users/verify-email HTTP/1.1\" 200 755 \"-\" \"PostmanRuntime/7.19.0\"\n","level":"info"}
{"message":"::1 - - [07/Nov/2019:01:44:12 +0000] \"POST /v1/users/update-password HTTP/1.1\" 401 46 \"-\" \"PostmanRuntime/7.19.0\"\n","level":"info"}
{"message":"::1 - - [07/Nov/2019:01:45:32 +0000] \"POST /v1/users/update-password HTTP/1.1\" 404 164 \"-\" \"PostmanRuntime/7.19.0\"\n","level":"info"}
{"message":"::1 - - [07/Nov/2019:01:45:57 +0000] \"PUT /v1/users/update-password HTTP/1.1\" 401 46 \"-\" \"PostmanRuntime/7.19.0\"\n","level":"info"}
{"message":"::1 - - [07/Nov/2019:01:46:43 +0000] \"PUT /v1/users/update-password HTTP/1.1\" 401 46 \"-\" \"PostmanRuntime/7.19.0\"\n","level":"info"}
{"message":"::1 - - [07/Nov/2019:01:47:16 +0000] \"PUT /v1/users/update-password HTTP/1.1\" 401 46 \"-\" \"PostmanRuntime/7.19.0\"\n","level":"info"}
{"message":"::1 - - [07/Nov/2019:01:47:41 +0000] \"PUT /v1/users/update-password HTTP/1.1\" 401 0 \"-\" \"PostmanRuntime/7.19.0\"\n","level":"info"}
{"message":"::1 - - [07/Nov/2019:01:48:34 +0000] \"PUT /v1/users/update-password HTTP/1.1\" 401 0 \"-\" \"PostmanRuntime/7.19.0\"\n","level":"info"}
{"message":"::1 - - [07/Nov/2019:01:49:18 +0000] \"PUT /v1/users/update-password HTTP/1.1\" 401 0 \"-\" \"PostmanRuntime/7.19.0\"\n","level":"info"}
{"message":"::1 - - [07/Nov/2019:01:49:48 +0000] \"PUT /v1/users/update-password HTTP/1.1\" 401 0 \"-\" \"PostmanRuntime/7.19.0\"\n","level":"info"}
{"message":"::1 - - [07/Nov/2019:01:50:14 +0000] \"PUT /v1/users/update-password HTTP/1.1\" 401 0 \"-\" \"PostmanRuntime/7.19.0\"\n","level":"info"}
{"message":"::1 - - [07/Nov/2019:01:50:51 +0000] \"PUT /v1/users/update-password HTTP/1.1\" 200 755 \"-\" \"PostmanRuntime/7.19.0\"\n","level":"info"}
{"message":"::1 - - [07/Nov/2019:01:51:43 +0000] \"POST /v1/users/login HTTP/1.1\" 200 755 \"-\" \"PostmanRuntime/7.19.0\"\n","level":"info"}
{"message":"::1 - - [07/Nov/2019:01:59:01 +0000] \"POST /v1/users/register HTTP/1.1\" 401 0 \"-\" \"PostmanRuntime/7.19.0\"\n","level":"info"}
{"message":"::1 - - [07/Nov/2019:01:59:30 +0000] \"POST /v1/users/register HTTP/1.1\" 200 758 \"-\" \"PostmanRuntime/7.19.0\"\n","level":"info"}
{"message":"::1 - - [07/Nov/2019:02:08:25 +0000] \"POST /v1/users/register HTTP/1.1\" 200 758 \"-\" \"PostmanRuntime/7.19.0\"\n","level":"info"}
{"message":"::1 - - [07/Nov/2019:02:15:59 +0000] \"POST /v1/users/register HTTP/1.1\" 401 0 \"-\" \"PostmanRuntime/7.19.0\"\n","level":"info"}
{"message":"::1 - - [07/Nov/2019:02:16:26 +0000] \"POST /v1/users/register HTTP/1.1\" 401 0 \"-\" \"PostmanRuntime/7.19.0\"\n","level":"info"}
{"message":"::1 - - [07/Nov/2019:02:16:40 +0000] \"POST /v1/users/register HTTP/1.1\" 200 36 \"-\" \"PostmanRuntime/7.19.0\"\n","level":"info"}
{"message":"::1 - - [07/Nov/2019:02:22:05 +0000] \"POST /v1/users/register HTTP/1.1\" 200 36 \"-\" \"PostmanRuntime/7.19.0\"\n","level":"info"}
{"message":"::1 - - [07/Nov/2019:02:23:45 +0000] \"POST /v1/users/register HTTP/1.1\" 200 36 \"-\" \"PostmanRuntime/7.19.0\"\n","level":"info"}
{"message":"::1 - - [07/Nov/2019:03:45:31 +0000] \"POST /v1/users/register HTTP/1.1\" 200 36 \"-\" \"PostmanRuntime/7.19.0\"\n","level":"info"}
{"message":"::1 - - [07/Nov/2019:03:49:56 +0000] \"POST /v1/users/register HTTP/1.1\" 200 36 \"-\" \"PostmanRuntime/7.19.0\"\n","level":"info"}
{"message":"::1 - - [07/Nov/2019:04:07:41 +0000] \"POST /v1/users/forgot-password HTTP/1.1\" 401 50 \"-\" \"PostmanRuntime/7.19.0\"\n","level":"info"}
{"message":"::1 - - [07/Nov/2019:04:08:01 +0000] \"POST /v1/users/forgot-password HTTP/1.1\" 401 50 \"-\" \"PostmanRuntime/7.19.0\"\n","level":"info"}
{"message":"::1 - - [07/Nov/2019:04:08:25 +0000] \"POST /v1/users/forgot-password HTTP/1.1\" 401 50 \"-\" \"PostmanRuntime/7.19.0\"\n","level":"info"}
{"message":"::1 - - [07/Nov/2019:04:12:05 +0000] \"POST /v1/users/forgot-password HTTP/1.1\" 200 36 \"-\" \"PostmanRuntime/7.19.0\"\n","level":"info"}
{"message":"::1 - - [07/Nov/2019:04:13:09 +0000] \"POST /v1/users/forgot-password HTTP/1.1\" 200 36 \"-\" \"PostmanRuntime/7.19.0\"\n","level":"info"}
{"message":"::1 - - [07/Nov/2019:04:13:45 +0000] \"POST /v1/users/forgot-password HTTP/1.1\" 200 36 \"-\" \"PostmanRuntime/7.19.0\"\n","level":"info"}
{"message":"::1 - - [07/Nov/2019:04:15:02 +0000] \"POST /v1/users/forgot-password HTTP/1.1\" 200 36 \"-\" \"PostmanRuntime/7.19.0\"\n","level":"info"}
{"message":"::1 - - [07/Nov/2019:04:16:54 +0000] \"POST /v1/users/forgot-password HTTP/1.1\" 200 36 \"-\" \"PostmanRuntime/7.19.0\"\n","level":"info"}
{"message":"::1 - - [07/Nov/2019:04:17:18 +0000] \"POST /v1/users/forgot-password HTTP/1.1\" 200 36 \"-\" \"PostmanRuntime/7.19.0\"\n","level":"info"}
{"message":"::1 - - [07/Nov/2019:04:39:26 +0000] \"POST /v1/users/forgot-password HTTP/1.1\" 200 36 \"-\" \"PostmanRuntime/7.19.0\"\n","level":"info"}
{"message":"::1 - - [07/Nov/2019:04:41:33 +0000] \"POST /v1/users/forgot-password HTTP/1.1\" 401 0 \"-\" \"PostmanRuntime/7.19.0\"\n","level":"info"}
{"message":"::1 - - [07/Nov/2019:04:43:31 +0000] \"POST /v1/users/forgot-password HTTP/1.1\" 200 36 \"-\" \"PostmanRuntime/7.19.0\"\n","level":"info"}
{"message":"::1 - - [07/Nov/2019:04:45:06 +0000] \"POST /v1/users/register HTTP/1.1\" 200 36 \"-\" \"PostmanRuntime/7.19.0\"\n","level":"info"}
{"message":"::1 - - [07/Nov/2019:04:46:11 +0000] \"POST /v1/users/register HTTP/1.1\" 200 36 \"-\" \"PostmanRuntime/7.19.0\"\n","level":"info"}
{"message":"::1 - - [07/Nov/2019:15:52:54 +0000] \"PUT /v1/users/telephone HTTP/1.1\" 401 0 \"-\" \"PostmanRuntime/7.19.0\"\n","level":"info"}
{"message":"::1 - - [07/Nov/2019:15:54:04 +0000] \"POST /v1/users/register HTTP/1.1\" 200 36 \"-\" \"PostmanRuntime/7.19.0\"\n","level":"info"}
{"message":"::1 - - [07/Nov/2019:15:56:45 +0000] \"POST /v1/users/login HTTP/1.1\" 200 758 \"-\" \"PostmanRuntime/7.19.0\"\n","level":"info"}
{"message":"::1 - - [07/Nov/2019:15:57:28 +0000] \"PUT /v1/users/telephone HTTP/1.1\" 200 766 \"-\" \"PostmanRuntime/7.19.0\"\n","level":"info"}
{"message":"::1 - - [07/Nov/2019:15:58:02 +0000] \"PUT /v1/users/telephone HTTP/1.1\" 200 766 \"-\" \"PostmanRuntime/7.19.0\"\n","level":"info"}
{"message":"::1 - - [07/Nov/2019:15:58:58 +0000] \"PUT /v1/users/telephone HTTP/1.1\" 200 319 \"-\" \"PostmanRuntime/7.19.0\"\n","level":"info"}
{"message":"::1 - - [07/Nov/2019:16:06:46 +0000] \"POST /v1/users/register HTTP/1.1\" 401 0 \"-\" \"PostmanRuntime/7.19.0\"\n","level":"info"}
{"message":"::1 - - [07/Nov/2019:16:07:48 +0000] \"POST /v1/users/register HTTP/1.1\" 401 0 \"-\" \"PostmanRuntime/7.19.0\"\n","level":"info"}
{"message":"::1 - - [07/Nov/2019:16:08:24 +0000] \"POST /v1/users/register HTTP/1.1\" 401 0 \"-\" \"PostmanRuntime/7.19.0\"\n","level":"info"}
{"message":"::1 - - [07/Nov/2019:16:09:08 +0000] \"POST /v1/users/register HTTP/1.1\" 200 319 \"-\" \"PostmanRuntime/7.19.0\"\n","level":"info"}
{"message":"::1 - - [07/Nov/2019:16:09:49 +0000] \"PUT /v1/users/telephone HTTP/1.1\" 200 319 \"-\" \"PostmanRuntime/7.19.0\"\n","level":"info"}
{"message":"::1 - - [07/Nov/2019:16:10:33 +0000] \"PUT /v1/users/telephone HTTP/1.1\" 200 319 \"-\" \"PostmanRuntime/7.19.0\"\n","level":"info"}
{"message":"::1 - - [07/Nov/2019:16:11:20 +0000] \"PUT /v1/users/verify-telephone HTTP/1.1\" 404 164 \"-\" \"PostmanRuntime/7.19.0\"\n","level":"info"}
{"message":"::1 - - [07/Nov/2019:16:11:25 +0000] \"POST /v1/users/verify-telephone HTTP/1.1\" 401 0 \"-\" \"PostmanRuntime/7.19.0\"\n","level":"info"}
{"message":"::1 - - [07/Nov/2019:16:12:03 +0000] \"POST /v1/users/verify-telephone HTTP/1.1\" 401 0 \"-\" \"PostmanRuntime/7.19.0\"\n","level":"info"}
{"message":"::1 - - [07/Nov/2019:16:12:49 +0000] \"POST /v1/users/verify-telephone HTTP/1.1\" 401 0 \"-\" \"PostmanRuntime/7.19.0\"\n","level":"info"}
{"message":"::1 - - [07/Nov/2019:16:13:19 +0000] \"POST /v1/users/verify-telephone HTTP/1.1\" 200 765 \"-\" \"PostmanRuntime/7.19.0\"\n","level":"info"}
{"message":"::1 - - [09/Nov/2019:19:45:50 +0000] \"GET /v1/auth/bitmex HTTP/1.1\" 401 0 \"-\" \"PostmanRuntime/7.19.0\"\n","level":"info"}
{"message":"::1 - - [09/Nov/2019:19:46:41 +0000] \"POST /v1/users/login HTTP/1.1\" 401 0 \"-\" \"PostmanRuntime/7.19.0\"\n","level":"info"}
{"message":"::1 - - [09/Nov/2019:19:46:50 +0000] \"POST /v1/users/login HTTP/1.1\" 401 0 \"-\" \"PostmanRuntime/7.19.0\"\n","level":"info"}
{"message":"::1 - - [09/Nov/2019:19:47:07 +0000] \"POST /v1/users/register HTTP/1.1\" 200 307 \"-\" \"PostmanRuntime/7.19.0\"\n","level":"info"}
{"message":"::1 - - [09/Nov/2019:19:47:30 +0000] \"GET /v1/auth/bitmex HTTP/1.1\" 200 319 \"-\" \"PostmanRuntime/7.19.0\"\n","level":"info"}
{"message":"::1 - - [09/Nov/2019:19:49:03 +0000] \"GET /v1/auth/bitmex HTTP/1.1\" 200 307 \"-\" \"PostmanRuntime/7.19.0\"\n","level":"info"}
{"message":"::1 - - [09/Nov/2019:19:49:22 +0000] \"GET /v1/auth/bitmex HTTP/1.1\" 401 30 \"-\" \"PostmanRuntime/7.19.0\"\n","level":"info"}
{"message":"::1 - - [09/Nov/2019:19:55:13 +0000] \"GET /v1/auth/bitmex HTTP/1.1\" 401 0 \"-\" \"PostmanRuntime/7.19.0\"\n","level":"info"}
{"message":"::1 - - [09/Nov/2019:19:55:47 +0000] \"GET /v1/auth/bitmex HTTP/1.1\" 401 0 \"-\" \"PostmanRuntime/7.19.0\"\n","level":"info"}
{"message":"::1 - - [09/Nov/2019:19:57:05 +0000] \"GET /v1/auth/bitmex HTTP/1.1\" 401 0 \"-\" \"PostmanRuntime/7.19.0\"\n","level":"info"}
{"message":"::1 - - [09/Nov/2019:19:57:29 +0000] \"GET /v1/auth/bitmex HTTP/1.1\" 401 0 \"-\" \"PostmanRuntime/7.19.0\"\n","level":"info"}
{"message":"::1 - - [09/Nov/2019:19:57:59 +0000] \"GET /v1/auth/bitmex HTTP/1.1\" 401 0 \"-\" \"PostmanRuntime/7.19.0\"\n","level":"info"}
{"message":"::1 - - [09/Nov/2019:19:59:29 +0000] \"PUT /v1/users/update HTTP/1.1\" 200 734 \"-\" \"PostmanRuntime/7.19.0\"\n","level":"info"}
{"message":"::1 - - [09/Nov/2019:19:59:48 +0000] \"GET /v1/auth/bitmex HTTP/1.1\" 401 0 \"-\" \"PostmanRuntime/7.19.0\"\n","level":"info"}
{"message":"::1 - - [09/Nov/2019:20:01:49 +0000] \"GET /v1/auth/bitmex HTTP/1.1\" 401 0 \"-\" \"PostmanRuntime/7.19.0\"\n","level":"info"}
{"message":"::1 - - [09/Nov/2019:20:02:19 +0000] \"GET /v1/auth/bitmex HTTP/1.1\" 401 0 \"-\" \"PostmanRuntime/7.19.0\"\n","level":"info"}
{"message":"::1 - - [09/Nov/2019:20:02:41 +0000] \"GET /v1/auth/bitmex HTTP/1.1\" 401 0 \"-\" \"PostmanRuntime/7.19.0\"\n","level":"info"}
{"message":"::1 - - [09/Nov/2019:20:03:40 +0000] \"GET /v1/auth/bitmex HTTP/1.1\" 401 0 \"-\" \"PostmanRuntime/7.19.0\"\n","level":"info"}
{"message":"::1 - - [09/Nov/2019:20:04:01 +0000] \"GET /v1/auth/bitmex HTTP/1.1\" 401 0 \"-\" \"PostmanRuntime/7.19.0\"\n","level":"info"}
{"message":"::1 - - [09/Nov/2019:20:04:28 +0000] \"GET /v1/auth/bitmex HTTP/1.1\" 401 0 \"-\" \"PostmanRuntime/7.19.0\"\n","level":"info"}
{"message":"::1 - - [09/Nov/2019:20:04:54 +0000] \"GET /v1/auth/bitmex HTTP/1.1\" 401 0 \"-\" \"PostmanRuntime/7.19.0\"\n","level":"info"}
{"message":"::1 - - [09/Nov/2019:20:05:17 +0000] \"GET /v1/auth/bitmex HTTP/1.1\" 401 0 \"-\" \"PostmanRuntime/7.19.0\"\n","level":"info"}
{"message":"::1 - - [09/Nov/2019:20:09:15 +0000] \"GET /v1/auth/bitmex HTTP/1.1\" 401 0 \"-\" \"PostmanRuntime/7.19.0\"\n","level":"info"}
{"message":"::1 - - [09/Nov/2019:20:09:41 +0000] \"GET /v1/auth/bitmex HTTP/1.1\" 401 0 \"-\" \"PostmanRuntime/7.19.0\"\n","level":"info"}
{"message":"::1 - - [09/Nov/2019:20:10:20 +0000] \"GET /v1/auth/bitmex HTTP/1.1\" 401 30 \"-\" \"PostmanRuntime/7.19.0\"\n","level":"info"}
{"message":"::1 - - [09/Nov/2019:20:10:58 +0000] \"GET /v1/auth/bitmex HTTP/1.1\" 200 307 \"-\" \"PostmanRuntime/7.19.0\"\n","level":"info"}
{"message":"::1 - - [09/Nov/2019:20:13:47 +0000] \"GET /v1/auth/bitmex HTTP/1.1\" 200 307 \"-\" \"PostmanRuntime/7.19.0\"\n","level":"info"}
{"message":"::1 - - [09/Nov/2019:20:22:58 +0000] \"GET /v1/auth/bitmex HTTP/1.1\" 200 2 \"-\" \"PostmanRuntime/7.19.0\"\n","level":"info"}
{"message":"::1 - - [09/Nov/2019:20:23:17 +0000] \"GET /v1/auth/bitmex HTTP/1.1\" 200 2 \"-\" \"PostmanRuntime/7.19.0\"\n","level":"info"}
{"message":"::1 - - [09/Nov/2019:20:23:58 +0000] \"GET /v1/auth/bitmex HTTP/1.1\" 200 307 \"-\" \"PostmanRuntime/7.19.0\"\n","level":"info"}
{"message":"::1 - - [11/Nov/2019:01:56:58 +0000] \"POST /v1/bitmex/candles/XBTUSD HTTP/1.1\" 200 2 \"-\" \"PostmanRuntime/7.19.0\"\n","level":"info"}
{"message":"::1 - - [11/Nov/2019:01:57:59 +0000] \"POST /v1/bitmex/candles/XBTUSD HTTP/1.1\" 200 2 \"-\" \"PostmanRuntime/7.19.0\"\n","level":"info"}
{"message":"::1 - - [11/Nov/2019:01:58:46 +0000] \"POST /v1/bitmex/candles/XBTUSD HTTP/1.1\" 200 2 \"-\" \"PostmanRuntime/7.19.0\"\n","level":"info"}
{"message":"::1 - - [11/Nov/2019:01:59:07 +0000] \"POST /v1/bitmex/candles/XBTUSD HTTP/1.1\" 200 2 \"-\" \"PostmanRuntime/7.19.0\"\n","level":"info"}
{"message":"::1 - - [11/Nov/2019:01:59:20 +0000] \"POST /v1/bitmex/candles/XBTUSD HTTP/1.1\" 200 - \"-\" \"PostmanRuntime/7.19.0\"\n","level":"info"}
{"message":"::1 - - [11/Nov/2019:02:00:18 +0000] \"POST /v1/bitmex/candles/XBTUSD HTTP/1.1\" 200 240403 \"-\" \"PostmanRuntime/7.19.0\"\n","level":"info"}
{"message":"::1 - - [11/Nov/2019:02:01:17 +0000] \"POST /v1/bitmex/candles/XBTUSD HTTP/1.1\" 400 962 \"-\" \"PostmanRuntime/7.19.0\"\n","level":"info"}
{"message":"::1 - - [11/Nov/2019:02:01:26 +0000] \"POST /v1/bitmex/candles/XBTUSD HTTP/1.1\" 200 14308 \"-\" \"PostmanRuntime/7.19.0\"\n","level":"info"}
{"message":"::1 - - [11/Nov/2019:02:01:54 +0000] \"POST /v1/bitmex/candles/XBTUSD HTTP/1.1\" 200 14308 \"-\" \"PostmanRuntime/7.19.0\"\n","level":"info"}
{"message":"::1 - - [11/Nov/2019:02:03:12 +0000] \"POST /v1/bitmex/candles/XBTUSD HTTP/1.1\" 200 14308 \"-\" \"PostmanRuntime/7.19.0\"\n","level":"info"}
{"message":"::1 - - [11/Nov/2019:02:12:04 +0000] \"POST /v1/bitmex/funding/XBTUSD HTTP/1.1\" 404 164 \"-\" \"PostmanRuntime/7.19.0\"\n","level":"info"}
{"message":"::1 - - [11/Nov/2019:02:12:37 +0000] \"POST /v1/bitmex/funding/XBTUSD HTTP/1.1\" 200 168 \"-\" \"PostmanRuntime/7.19.0\"\n","level":"info"}
{"message":"::1 - - [11/Nov/2019:02:14:00 +0000] \"POST /v1/bitmex/funding/XBTUSD HTTP/1.1\" 200 303 \"-\" \"PostmanRuntime/7.19.0\"\n","level":"info"}
{"message":"::1 - - [11/Nov/2019:02:24:28 +0000] \"GET /v1/bitmex/instruments/XBT HTTP/1.1\" 401 61 \"-\" \"PostmanRuntime/7.19.0\"\n","level":"info"}
{"message":"::1 - - [11/Nov/2019:02:24:50 +0000] \"GET /v1/bitmex/instruments/XBT HTTP/1.1\" 200 2524 \"-\" \"PostmanRuntime/7.19.0\"\n","level":"info"}
{"message":"::1 - - [11/Nov/2019:02:25:04 +0000] \"GET /v1/bitmex/instruments/XBT HTTP/1.1\" 200 2519 \"-\" \"PostmanRuntime/7.19.0\"\n","level":"info"}
{"message":"::1 - - [11/Nov/2019:02:25:41 +0000] \"GET /v1/bitmex/instruments/XBTUSD HTTP/1.1\" 200 2521 \"-\" \"PostmanRuntime/7.19.0\"\n","level":"info"}
{"message":"::1 - - [11/Nov/2019:02:28:42 +0000] \"GET /v1/bitmex/instruments/XBTUSD HTTP/1.1\" 200 2518 \"-\" \"PostmanRuntime/7.19.0\"\n","level":"info"}
{"message":"::1 - - [11/Nov/2019:02:28:59 +0000] \"GET /v1/bitmex/instruments/XBT HTTP/1.1\" 200 2518 \"-\" \"PostmanRuntime/7.19.0\"\n","level":"info"}
{"message":"::1 - - [11/Nov/2019:02:29:08 +0000] \"GET /v1/bitmex/instruments/ETH HTTP/1.1\" 200 2441 \"-\" \"PostmanRuntime/7.19.0\"\n","level":"info"}
{"message":"::1 - - [11/Nov/2019:02:30:26 +0000] \"GET /v1/bitmex/instruments/ETH HTTP/1.1\" 200 2441 \"-\" \"PostmanRuntime/7.19.0\"\n","level":"info"}
{"message":"::1 - - [11/Nov/2019:02:37:32 +0000] \"GET /v1/bitmex/wallet HTTP/1.1\" 200 844 \"-\" \"PostmanRuntime/7.19.0\"\n","level":"info"}
{"message":"::1 - - [11/Nov/2019:02:39:29 +0000] \"GET /v1/bitmex/wallet/history HTTP/1.1\" 200 18924 \"-\" \"PostmanRuntime/7.19.0\"\n","level":"info"}
{"message":"::1 - - [11/Nov/2019:02:43:21 +0000] \"GET /v1/bitmex/wallet/history HTTP/1.1\" 200 17893 \"-\" \"PostmanRuntime/7.19.0\"\n","level":"info"}
{"message":"::1 - - [11/Nov/2019:02:44:15 +0000] \"GET /v1/bitmex/wallet/history HTTP/1.1\" 200 17893 \"-\" \"PostmanRuntime/7.19.0\"\n","level":"info"}
{"message":"::1 - - [11/Nov/2019:02:44:33 +0000] \"GET /v1/bitmex/wallet/history HTTP/1.1\" 200 18259 \"-\" \"PostmanRuntime/7.19.0\"\n","level":"info"}
{"message":"::1 - - [11/Nov/2019:02:46:48 +0000] \"GET /v1/bitmex/wallet/history HTTP/1.1\" 200 17893 \"-\" \"PostmanRuntime/7.19.0\"\n","level":"info"}
{"message":"::1 - - [11/Nov/2019:02:56:42 +0000] \"POST /v1/bitmex/price/XBTUSD HTTP/1.1\" 200 2 \"-\" \"PostmanRuntime/7.19.0\"\n","level":"info"}
{"message":"::1 - - [11/Nov/2019:02:58:28 +0000] \"POST /v1/bitmex/price/XBTUSD HTTP/1.1\" 200 2 \"-\" \"PostmanRuntime/7.19.0\"\n","level":"info"}
{"message":"::1 - - [11/Nov/2019:03:00:38 +0000] \"POST /v1/bitmex/price/XBTUSD HTTP/1.1\" 404 162 \"-\" \"PostmanRuntime/7.19.0\"\n","level":"info"}
{"message":"::1 - - [11/Nov/2019:03:00:46 +0000] \"POST /v1/bitmex/trades/XBTUSD HTTP/1.1\" 200 25064 \"-\" \"PostmanRuntime/7.19.0\"\n","level":"info"}
{"message":"::1 - - [11/Nov/2019:03:28:25 +0000] \"POST /v1/bitmex/leverage HTTP/1.1\" 404 158 \"-\" \"PostmanRuntime/7.19.0\"\n","level":"info"}
{"message":"::1 - - [11/Nov/2019:03:28:53 +0000] \"POST /v1/bitmex/leverage HTTP/1.1\" 404 158 \"-\" \"PostmanRuntime/7.19.0\"\n","level":"info"}
{"message":"::1 - - [11/Nov/2019:03:29:15 +0000] \"POST /v1/bitmex/positions/leverage HTTP/1.1\" 401 28 \"-\" \"PostmanRuntime/7.19.0\"\n","level":"info"}
{"message":"::1 - - [11/Nov/2019:03:29:33 +0000] \"POST /v1/bitmex/positions/leverage HTTP/1.1\" 401 74 \"-\" \"PostmanRuntime/7.19.0\"\n","level":"info"}
{"message":"::1 - - [11/Nov/2019:03:31:28 +0000] \"POST /v1/users/update HTTP/1.1\" 404 155 \"-\" \"PostmanRuntime/7.19.0\"\n","level":"info"}
{"message":"::1 - - [11/Nov/2019:03:31:56 +0000] \"PUT /v1/users/update HTTP/1.1\" 200 734 \"-\" \"PostmanRuntime/7.19.0\"\n","level":"info"}
{"message":"::1 - - [11/Nov/2019:03:32:24 +0000] \"POST /v1/bitmex/positions/leverage HTTP/1.1\" 200 1847 \"-\" \"PostmanRuntime/7.19.0\"\n","level":"info"}
{"message":"::1 - - [11/Nov/2019:03:37:40 +0000] \"POST /v1/bitmex/positions/leverage HTTP/1.1\" 200 1856 \"-\" \"PostmanRuntime/7.19.0\"\n","level":"info"}
{"message":"::1 - - [11/Nov/2019:03:45:30 +0000] \"GET /v1/bitmex/positions/XBTUSD HTTP/1.1\" 401 23 \"-\" \"PostmanRuntime/7.19.0\"\n","level":"info"}
{"message":"::1 - - [11/Nov/2019:03:45:46 +0000] \"GET /v1/bitmex/positions/ETHUSD HTTP/1.1\" 401 23 \"-\" \"PostmanRuntime/7.19.0\"\n","level":"info"}
{"message":"::1 - - [11/Nov/2019:03:48:08 +0000] \"GET /v1/bitmex/positions/XBTUSD HTTP/1.1\" 401 23 \"-\" \"PostmanRuntime/7.19.0\"\n","level":"info"}
{"message":"::1 - - [11/Nov/2019:03:48:59 +0000] \"GET /v1/bitmex/positions/XBTUSD HTTP/1.1\" 200 1857 \"-\" \"PostmanRuntime/7.19.0\"\n","level":"info"}
{"message":"::1 - - [11/Nov/2019:03:51:53 +0000] \"GET /v1/bitmex/positions/XBTUSD HTTP/1.1\" 200 1855 \"-\" \"PostmanRuntime/7.19.0\"\n","level":"info"}
{"message":"::1 - - [11/Nov/2019:03:54:18 +0000] \"GET /v1/bitmex/positions HTTP/1.1\" 200 1857 \"-\" \"PostmanRuntime/7.19.0\"\n","level":"info"}
{"message":"::1 - - [11/Nov/2019:04:32:29 +0000] \"POST /v1/bitmex/limit HTTP/1.1\" 404 155 \"-\" \"PostmanRuntime/7.19.0\"\n","level":"info"}
{"message":"::1 - - [11/Nov/2019:04:33:47 +0000] \"POST /v1/bitmex/limit HTTP/1.1\" 404 155 \"-\" \"PostmanRuntime/7.19.0\"\n","level":"info"}
{"message":"::1 - - [11/Nov/2019:04:34:21 +0000] \"POST /v1/bitmex/orders/limit HTTP/1.1\" 401 19 \"-\" \"PostmanRuntime/7.19.0\"\n","level":"info"}
{"message":"::1 - - [11/Nov/2019:04:35:17 +0000] \"POST /v1/bitmex/orders/limit HTTP/1.1\" 401 19 \"-\" \"PostmanRuntime/7.19.0\"\n","level":"info"}
{"message":"::1 - - [11/Nov/2019:04:35:50 +0000] \"POST /v1/bitmex/orders/limit HTTP/1.1\" 401 19 \"-\" \"PostmanRuntime/7.19.0\"\n","level":"info"}
{"message":"::1 - - [11/Nov/2019:04:36:39 +0000] \"POST /v1/bitmex/orders/limit HTTP/1.1\" 200 704 \"-\" \"PostmanRuntime/7.19.0\"\n","level":"info"}
{"message":"::1 - - [11/Nov/2019:15:01:12 +0000] \"POST /v1/bitmex/orders/limit HTTP/1.1\" 401 38 \"-\" \"PostmanRuntime/7.19.0\"\n","level":"info"}
{"message":"::1 - - [11/Nov/2019:15:01:32 +0000] \"POST /v1/bitmex/orders/limit HTTP/1.1\" 401 0 \"-\" \"PostmanRuntime/7.19.0\"\n","level":"info"}
{"message":"::1 - - [11/Nov/2019:15:02:00 +0000] \"POST /v1/bitmex/orders/limit HTTP/1.1\" 401 0 \"-\" \"PostmanRuntime/7.19.0\"\n","level":"info"}
{"message":"::1 - - [11/Nov/2019:15:02:23 +0000] \"POST /v1/bitmex/orders/limit HTTP/1.1\" 401 0 \"-\" \"PostmanRuntime/7.19.0\"\n","level":"info"}
{"message":"::1 - - [11/Nov/2019:15:03:04 +0000] \"POST /v1/bitmex/orders/limit HTTP/1.1\" 401 0 \"-\" \"PostmanRuntime/7.19.0\"\n","level":"info"}
{"message":"::1 - - [11/Nov/2019:15:04:58 +0000] \"POST /v1/bitmex/orders/limit HTTP/1.1\" 401 47 \"-\" \"PostmanRuntime/7.19.0\"\n","level":"info"}
{"message":"::1 - - [11/Nov/2019:15:21:17 +0000] \"POST /v1/bitmex/orders/limit HTTP/1.1\" 401 47 \"-\" \"PostmanRuntime/7.19.0\"\n","level":"info"}
{"message":"::1 - - [11/Nov/2019:15:25:51 +0000] \"POST /v1/bitmex/orders/limit HTTP/1.1\" 401 34 \"-\" \"PostmanRuntime/7.19.0\"\n","level":"info"}
{"message":"::1 - - [11/Nov/2019:15:27:33 +0000] \"POST /v1/bitmex/orders/limit HTTP/1.1\" 401 34 \"-\" \"PostmanRuntime/7.19.0\"\n","level":"info"}
{"message":"::1 - - [11/Nov/2019:15:28:27 +0000] \"POST /v1/bitmex/orders/limit HTTP/1.1\" 401 34 \"-\" \"PostmanRuntime/7.19.0\"\n","level":"info"}
{"message":"::1 - - [11/Nov/2019:15:30:05 +0000] \"POST /v1/bitmex/orders/limit HTTP/1.1\" 200 704 \"-\" \"PostmanRuntime/7.19.0\"\n","level":"info"}
{"message":"::1 - - [11/Nov/2019:15:32:22 +0000] \"POST /v1/bitmex/orders/limit HTTP/1.1\" 200 704 \"-\" \"PostmanRuntime/7.19.0\"\n","level":"info"}
{"message":"::1 - - [11/Nov/2019:15:41:24 +0000] \"POST /v1/bitmex/orders/limit HTTP/1.1\" 401 25 \"-\" \"PostmanRuntime/7.19.0\"\n","level":"info"}
{"message":"::1 - - [11/Nov/2019:15:42:03 +0000] \"POST /v1/bitmex/orders/limit HTTP/1.1\" 401 48 \"-\" \"PostmanRuntime/7.19.0\"\n","level":"info"}
{"message":"::1 - - [11/Nov/2019:15:43:21 +0000] \"POST /v1/bitmex/orders/limit HTTP/1.1\" 200 704 \"-\" \"PostmanRuntime/7.19.0\"\n","level":"info"}
{"message":"::1 - - [11/Nov/2019:15:49:26 +0000] \"POST /v1/bitmex/orders/limit HTTP/1.1\" 401 19 \"-\" \"PostmanRuntime/7.19.0\"\n","level":"info"}
{"message":"::1 - - [11/Nov/2019:15:51:01 +0000] \"POST /v1/bitmex/orders/limit HTTP/1.1\" 401 19 \"-\" \"PostmanRuntime/7.19.0\"\n","level":"info"}
{"message":"::1 - - [11/Nov/2019:15:51:40 +0000] \"POST /v1/bitmex/orders/limit HTTP/1.1\" 200 330 \"-\" \"PostmanRuntime/7.19.0\"\n","level":"info"}
{"message":"::1 - - [11/Nov/2019:15:55:14 +0000] \"GET /v1/bitmex/positions HTTP/1.1\" 200 1862 \"-\" \"PostmanRuntime/7.19.0\"\n","level":"info"}
{"message":"::1 - - [12/Nov/2019:02:48:43 +0000] \"POST /v1/bitmex/orders/market HTTP/1.1\" 401 20 \"-\" \"PostmanRuntime/7.19.0\"\n","level":"info"}
{"message":"::1 - - [12/Nov/2019:02:49:51 +0000] \"POST /v1/bitmex/orders/market HTTP/1.1\" 401 20 \"-\" \"PostmanRuntime/7.19.0\"\n","level":"info"}
{"message":"::1 - - [12/Nov/2019:02:50:34 +0000] \"POST /v1/bitmex/orders/market HTTP/1.1\" 200 328 \"-\" \"PostmanRuntime/7.19.0\"\n","level":"info"}
{"message":"::1 - - [12/Nov/2019:02:56:52 +0000] \"POST /v1/bitmex/orders/stop HTTP/1.1\" 401 18 \"-\" \"PostmanRuntime/7.19.0\"\n","level":"info"}
{"message":"::1 - - [12/Nov/2019:02:58:48 +0000] \"POST /v1/bitmex/orders/stop HTTP/1.1\" 401 46 \"-\" \"PostmanRuntime/7.19.0\"\n","level":"info"}
{"message":"::1 - - [12/Nov/2019:02:59:28 +0000] \"POST /v1/bitmex/orders/stop HTTP/1.1\" 200 323 \"-\" \"PostmanRuntime/7.19.0\"\n","level":"info"}
{"message":"::1 - - [12/Nov/2019:03:14:17 +0000] \"POST /v1/bitmex/orders/stop-limit HTTP/1.1\" 401 24 \"-\" \"PostmanRuntime/7.19.0\"\n","level":"info"}
{"message":"::1 - - [12/Nov/2019:03:14:36 +0000] \"POST /v1/bitmex/orders/stop-limit HTTP/1.1\" 200 323 \"-\" \"PostmanRuntime/7.19.0\"\n","level":"info"}
{"message":"::1 - - [12/Nov/2019:03:20:27 +0000] \"POST /v1/bitmex/orders/market HTTP/1.1\" 200 329 \"-\" \"PostmanRuntime/7.19.0\"\n","level":"info"}
{"message":"::1 - - [12/Nov/2019:03:21:47 +0000] \"POST /v1/bitmex/orders/market HTTP/1.1\" 401 129 \"-\" \"PostmanRuntime/7.19.0\"\n","level":"info"}
{"message":"::1 - - [12/Nov/2019:03:22:07 +0000] \"POST /v1/bitmex/orders/market HTTP/1.1\" 401 129 \"-\" \"PostmanRuntime/7.19.0\"\n","level":"info"}
{"message":"::1 - - [12/Nov/2019:03:23:15 +0000] \"POST /v1/bitmex/orders/market HTTP/1.1\" 401 129 \"-\" \"PostmanRuntime/7.19.0\"\n","level":"info"}
{"message":"::1 - - [12/Nov/2019:03:24:39 +0000] \"POST /v1/bitmex/orders/market HTTP/1.1\" 401 129 \"-\" \"PostmanRuntime/7.19.0\"\n","level":"info"}
{"message":"::1 - - [12/Nov/2019:03:26:34 +0000] \"POST /v1/bitmex/orders/market HTTP/1.1\" 200 329 \"-\" \"PostmanRuntime/7.19.0\"\n","level":"info"}
{"message":"::1 - - [12/Nov/2019:03:30:04 +0000] \"POST /v1/bitmex/orders/market HTTP/1.1\" 200 327 \"-\" \"PostmanRuntime/7.19.0\"\n","level":"info"}
{"message":"::1 - - [12/Nov/2019:03:34:46 +0000] \"POST /v1/bitmex/orders/market HTTP/1.1\" 200 327 \"-\" \"PostmanRuntime/7.19.0\"\n","level":"info"}
{"message":"::1 - - [12/Nov/2019:03:35:45 +0000] \"POST /v1/bitmex/orders/market HTTP/1.1\" 200 327 \"-\" \"PostmanRuntime/7.19.0\"\n","level":"info"}
